Log file open, 04/24/23 15:42:27
LogWindows: Failed to load 'aqProf.dll' (GetLastError=126)
LogWindows: File 'aqProf.dll' does not exist
LogWindows: Failed to load 'VtuneApi.dll' (GetLastError=126)
LogWindows: File 'VtuneApi.dll' does not exist
LogWindows: Failed to load 'VtuneApi32e.dll' (GetLastError=126)
LogWindows: File 'VtuneApi32e.dll' does not exist
LogConsoleResponse: Display: Failed to find resolution value strings in scalability ini. Falling back to default.
LogConsoleResponse: Display: Failed to find resolution value strings in scalability ini. Falling back to default.
LogInit: Display: Running engine for game: DYZ_UnrealProject
LogPlatformFile: Not using cached read wrapper
LogTaskGraph: Started task graph with 5 named threads and 47 total threads with 3 sets of task threads.
LogStats: Stats thread started at 0.248574
LogICUInternationalization: ICU TimeZone Detection - Raw Offset: +1:00, Platform Override: ''
LogInit: Display: Loading text-based GConfig....
LogPluginManager: Mounting plugin MeshPainting
LogPluginManager: Mounting plugin XGEController
LogPluginManager: Mounting plugin Paper2D
LogPluginManager: Mounting plugin LiveLink
LogPluginManager: Mounting plugin AISupport
LogPluginManager: Mounting plugin EnvironmentQueryEditor
LogPluginManager: Mounting plugin LightPropagationVolume
LogPluginManager: Mounting plugin GameplayCameras
LogPluginManager: Mounting plugin AnimationSharing
LogPluginManager: Mounting plugin AssetManagerEditor
LogPluginManager: Mounting plugin CameraShakePreviewer
LogPluginManager: Mounting plugin CLionSourceCodeAccess
LogPluginManager: Mounting plugin CodeLiteSourceCodeAccess
LogPluginManager: Mounting plugin OodleData
LogPluginManager: Mounting plugin CryptoKeys
LogPluginManager: Mounting plugin CurveEditorTools
LogPluginManager: Mounting plugin DataValidation
LogPluginManager: Mounting plugin FacialAnimation
LogPluginManager: Mounting plugin GameplayTagsEditor
LogPluginManager: Mounting plugin GeometryMode
LogPluginManager: Mounting plugin MacGraphicsSwitching
LogPluginManager: Mounting plugin MaterialAnalyzer
LogPluginManager: Mounting plugin KDevelopSourceCodeAccess
LogPluginManager: Mounting plugin NullSourceCodeAccess
LogPluginManager: Mounting plugin MobileLauncherProfileWizard
LogPluginManager: Mounting plugin PerforceSourceControl
LogPluginManager: Mounting plugin PixWinPlugin
LogPluginManager: Mounting plugin PlasticSourceControl
LogPluginManager: Mounting plugin PluginUtils
LogPluginManager: Mounting plugin PropertyAccessNode
LogPluginManager: Mounting plugin RiderSourceCodeAccess
LogPluginManager: Mounting plugin TextureFormatOodle
LogPluginManager: Mounting plugin SubversionSourceControl
LogPluginManager: Mounting plugin SpeedTreeImporter
LogPluginManager: Mounting plugin UObjectPlugin
LogPluginManager: Mounting plugin OodleNetwork
LogPluginManager: Mounting plugin VisualStudioCodeSourceCodeAccess
LogPluginManager: Mounting plugin VisualStudioSourceCodeAccess
LogPluginManager: Mounting plugin XCodeSourceCodeAccess
LogPluginManager: Mounting plugin DatasmithContent
LogPluginManager: Mounting plugin AlembicImporter
LogPluginManager: Mounting plugin VariantManagerContent
LogPluginManager: Mounting plugin PluginBrowser
LogPluginManager: Mounting plugin AutomationUtils
LogPluginManager: Mounting plugin BackChannel
LogPluginManager: Mounting plugin ChaosCloth
LogPluginManager: Mounting plugin ChaosEditor
LogPluginManager: Mounting plugin ChaosClothEditor
LogPluginManager: Mounting plugin ChaosSolverPlugin
LogPluginManager: Mounting plugin ChaosNiagara
LogPluginManager: Mounting plugin CharacterAI
LogPluginManager: Mounting plugin Niagara
LogPluginManager: Mounting plugin LuminPlatformFeatures
LogPluginManager: Mounting plugin MagicLeap
LogPluginManager: Mounting plugin MagicLeapLightEstimation
LogPluginManager: Mounting plugin MagicLeapMedia
LogPluginManager: Mounting plugin MagicLeapPassableWorld
LogPluginManager: Mounting plugin MLSDK
LogPluginManager: Mounting plugin GeometryCache
LogPluginManager: Mounting plugin GeometryCollectionPlugin
LogPluginManager: Mounting plugin GeometryProcessing
LogPluginManager: Mounting plugin MotoSynth
LogPluginManager: Mounting plugin OpenImageDenoise
LogPluginManager: Mounting plugin PlanarCut
LogPluginManager: Mounting plugin PlatformCrypto
LogPluginManager: Mounting plugin ProxyLODPlugin
LogPluginManager: Mounting plugin PythonScriptPlugin
LogPluginManager: Mounting plugin AndroidMedia
LogPluginManager: Mounting plugin AvfMedia
LogPluginManager: Mounting plugin ImgMedia
LogPluginManager: Mounting plugin MediaCompositing
LogPluginManager: Mounting plugin MediaPlayerEditor
LogPluginManager: Mounting plugin WebMMedia
LogPluginManager: Mounting plugin WmfMedia
LogPluginManager: Mounting plugin SkeletalReduction
LogPluginManager: Mounting plugin LevelSequenceEditor
LogPluginManager: Mounting plugin ActorSequence
LogPluginManager: Mounting plugin MatineeToLevelSequence
LogPluginManager: Mounting plugin TemplateSequence
LogPluginManager: Mounting plugin LauncherChunkInstaller
LogPluginManager: Mounting plugin TcpMessaging
LogPluginManager: Mounting plugin UdpMessaging
LogPluginManager: Mounting plugin OnlineSubsystem
LogPluginManager: Mounting plugin OnlineSubsystemNull
LogPluginManager: Mounting plugin OnlineSubsystemUtils
LogPluginManager: Mounting plugin ScreenshotTools
LogPluginManager: Mounting plugin Takes
LogPluginManager: Mounting plugin ActorLayerUtilities
LogPluginManager: Mounting plugin AndroidDeviceProfileSelector
LogPluginManager: Mounting plugin AndroidMoviePlayer
LogPluginManager: Mounting plugin AndroidPermission
LogPluginManager: Mounting plugin AppleImageUtils
LogPluginManager: Mounting plugin AppleMoviePlayer
LogPluginManager: Mounting plugin ArchVisCharacter
LogPluginManager: Mounting plugin AssetTags
LogPluginManager: Mounting plugin AudioSynesthesia
LogPluginManager: Mounting plugin AudioCapture
LogPluginManager: Mounting plugin CableComponent
LogPluginManager: Mounting plugin CustomMeshComponent
LogPluginManager: Mounting plugin ChunkDownloader
LogPluginManager: Mounting plugin EditableMesh
LogPluginManager: Mounting plugin ExampleDeviceProfileSelector
LogPluginManager: Mounting plugin GitSourceControl
LogPluginManager: Mounting plugin GooglePAD
LogPluginManager: Mounting plugin IOSDeviceProfileSelector
LogPluginManager: Mounting plugin GoogleCloudMessaging
LogPluginManager: Mounting plugin LinuxDeviceProfileSelector
LogPluginManager: Mounting plugin LocationServicesBPLibrary
LogPluginManager: Mounting plugin MobilePatchingUtils
LogPluginManager: Mounting plugin OpenXRHandTracking
LogPluginManager: Mounting plugin OpenXR
LogPluginManager: Mounting plugin OpenXREyeTracker
LogPluginManager: Mounting plugin PostSplashScreen
LogPluginManager: Mounting plugin ProceduralMeshComponent
LogPluginManager: Mounting plugin PropertyAccessEditor
LogPluginManager: Mounting plugin RuntimePhysXCooking
LogPluginManager: Mounting plugin SignificanceManager
LogPluginManager: Mounting plugin SoundFields
LogPluginManager: Mounting plugin Synthesis
LogPluginManager: Mounting plugin WebMMoviePlayer
LogPluginManager: Mounting plugin WindowsMoviePlayer
LogPluginManager: Mounting plugin PhysXVehicles
LogPluginManager: Mounting plugin ContentBrowserAssetDataSource
LogPluginManager: Mounting plugin ContentBrowserClassDataSource
LogPluginManager: Mounting plugin ContentBrowserFileDataSource
LogPluginManager: Mounting plugin OnlineSubsystemGooglePlay
LogPluginManager: Mounting plugin OnlineSubsystemIOS
LogPluginManager: Mounting plugin OculusVR
LogPluginManager: Mounting plugin SteamVR
PixWinPlugin: PIX capture plugin failed to initialize! Check that the process is launched from PIX.
LogInit: Using libcurl 7.55.1-DEV
LogInit:  - built for x86_64-pc-win32
LogInit:  - supports SSL with OpenSSL/1.1.1
LogInit:  - supports HTTP deflate (compression) using libz 1.2.8
LogInit:  - other features:
LogInit:      CURL_VERSION_SSL
LogInit:      CURL_VERSION_LIBZ
LogInit:      CURL_VERSION_IPV6
LogInit:      CURL_VERSION_ASYNCHDNS
LogInit:      CURL_VERSION_LARGEFILE
LogInit:      CURL_VERSION_IDN
LogInit:  CurlRequestOptions (configurable via config and command line):
LogInit:  - bVerifyPeer = true  - Libcurl will verify peer certificate
LogInit:  - bUseHttpProxy = false  - Libcurl will NOT use HTTP proxy
LogInit:  - bDontReuseConnections = false  - Libcurl will reuse connections
LogInit:  - MaxHostConnections = 16  - Libcurl will limit the number of connections to a host
LogInit:  - LocalHostAddr = Default
LogInit:  - BufferSize = 65536
LogOnline: OSS: Creating online subsystem instance for: NULL
LogInit: WinSock: version 1.1 (2.2), MaxSocks=32767, MaxUdp=65467
LogOnline: OSS: TryLoadSubsystemAndSetDefault: Loaded subsystem for module [NULL]
LogOculusPluginWrapper: OculusPlugin initialized successfully
LogHMD: Failed initializing OVRPlugin 1.59.0
LogInit: Build: ++UE4+Release-4.27-CL-18319896
LogInit: Engine Version: 4.27.2-18319896+++UE4+Release-4.27
LogInit: Compatible Engine Version: 4.27.0-17155196+++UE4+Release-4.27
LogInit: Net CL: 17155196
LogInit: OS: Windows 10 (Release 2009) (), CPU: 11th Gen Intel(R) Core(TM) i7-11800H @ 2.30GHz, GPU: Intel(R) UHD Graphics
LogInit: Compiled (64-bit): Nov 30 2021 07:12:08
LogInit: Compiled with Visual C++: 19.24.28315.00
LogInit: Build Configuration: Development
LogInit: Branch Name: ++UE4+Release-4.27
LogInit: Command Line: 
LogInit: Base Directory: C:/Program Files/Epic Games/UE_4.27/Engine/Binaries/Win64/
LogInit: Allocator: TBB
LogInit: Installed Engine Build: 1
LogDevObjectVersion: Number of dev versions registered: 29
LogDevObjectVersion:   Dev-Blueprints (B0D832E4-1F89-4F0D-ACCF-7EB736FD4AA2): 10
LogDevObjectVersion:   Dev-Build (E1C64328-A22C-4D53-A36C-8E866417BD8C): 0
LogDevObjectVersion:   Dev-Core (375EC13C-06E4-48FB-B500-84F0262A717E): 4
LogDevObjectVersion:   Dev-Editor (E4B068ED-F494-42E9-A231-DA0B2E46BB41): 40
LogDevObjectVersion:   Dev-Framework (CFFC743F-43B0-4480-9391-14DF171D2073): 37
LogDevObjectVersion:   Dev-Mobile (B02B49B5-BB20-44E9-A304-32B752E40360): 3
LogDevObjectVersion:   Dev-Networking (A4E4105C-59A1-49B5-A7C5-40C4547EDFEE): 0
LogDevObjectVersion:   Dev-Online (39C831C9-5AE6-47DC-9A44-9C173E1C8E7C): 0
LogDevObjectVersion:   Dev-Physics (78F01B33-EBEA-4F98-B9B4-84EACCB95AA2): 14
LogDevObjectVersion:   Dev-Platform (6631380F-2D4D-43E0-8009-CF276956A95A): 0
LogDevObjectVersion:   Dev-Rendering (12F88B9F-8875-4AFC-A67C-D90C383ABD29): 45
LogDevObjectVersion:   Dev-Sequencer (7B5AE74C-D270-4C10-A958-57980B212A5A): 13
LogDevObjectVersion:   Dev-VR (D7296918-1DD6-4BDD-9DE2-64A83CC13884): 3
LogDevObjectVersion:   Dev-LoadTimes (C2A15278-BFE7-4AFE-6C17-90FF531DF755): 1
LogDevObjectVersion:   Private-Geometry (6EACA3D4-40EC-4CC1-B786-8BED09428FC5): 3
LogDevObjectVersion:   Dev-AnimPhys (29E575DD-E0A3-4627-9D10-D276232CDCEA): 17
LogDevObjectVersion:   Dev-Anim (AF43A65D-7FD3-4947-9873-3E8ED9C1BB05): 15
LogDevObjectVersion:   Dev-ReflectionCapture (6B266CEC-1EC7-4B8F-A30B-E4D90942FC07): 1
LogDevObjectVersion:   Dev-Automation (0DF73D61-A23F-47EA-B727-89E90C41499A): 1
LogDevObjectVersion:   FortniteMain (601D1886-AC64-4F84-AA16-D3DE0DEAC7D6): 47
LogDevObjectVersion:   FortniteRelease (E7086368-6B23-4C58-8439-1B7016265E91): 1
LogDevObjectVersion:   Dev-Enterprise (9DFFBCD6-494F-0158-E221-12823C92A888): 10
LogDevObjectVersion:   Dev-Niagara (F2AED0AC-9AFE-416F-8664-AA7FFA26D6FC): 1
LogDevObjectVersion:   Dev-Destruction (174F1F0B-B4C6-45A5-B13F-2EE8D0FB917D): 10
LogDevObjectVersion:   Dev-Physics-Ext (35F94A83-E258-406C-A318-09F59610247C): 41
LogDevObjectVersion:   Dev-PhysicsMaterial-Chaos (B68FC16E-8B1B-42E2-B453-215C058844FE): 1
LogDevObjectVersion:   Dev-CineCamera (B2E18506-4273-CFC2-A54E-F4BB758BBA07): 1
LogDevObjectVersion:   Dev-VirtualProduction (64F58936-FD1B-42BA-BA96-7289D5D0FA4E): 1
LogDevObjectVersion:   Dev-MediaFramework (6F0ED827-A609-4895-9C91-998D90180EA4): 2
LogInit: Presizing for max 25165824 objects, including 0 objects not considered by GC, pre-allocating 0 bytes for permanent pool.
LogConfig: Applying CVar settings from Section [/Script/Engine.StreamingSettings] File [C:/Users/Karym/Documents/GitHub/DUGENET_YOUSFI_ZHENG_UNREAL/DYZ_UnrealProject/Saved/Config/Windows/Engine.ini]
LogConfig: Setting CVar [[s.MinBulkDataSizeForAsyncLoading:131072]]
LogConfig: Setting CVar [[s.AsyncLoadingThreadEnabled:0]]
LogConfig: Setting CVar [[s.EventDrivenLoaderEnabled:1]]
LogConfig: Setting CVar [[s.WarnIfTimeLimitExceeded:0]]
LogConfig: Setting CVar [[s.TimeLimitExceededMultiplier:1.5]]
LogConfig: Setting CVar [[s.TimeLimitExceededMinTime:0.005]]
LogConfig: Setting CVar [[s.UseBackgroundLevelStreaming:1]]
LogConfig: Setting CVar [[s.PriorityAsyncLoadingExtraTime:15.0]]
LogConfig: Setting CVar [[s.LevelStreamingActorsUpdateTimeLimit:5.0]]
LogConfig: Setting CVar [[s.PriorityLevelStreamingActorsUpdateExtraTime:5.0]]
LogConfig: Setting CVar [[s.LevelStreamingComponentsRegistrationGranularity:10]]
LogConfig: Setting CVar [[s.UnregisterComponentsTimeLimit:1.0]]
LogConfig: Setting CVar [[s.LevelStreamingComponentsUnregistrationGranularity:5]]
LogConfig: Setting CVar [[s.FlushStreamingOnExit:1]]
LogInit: Object subsystem initialized
LogConfig: Setting CVar [[con.DebugEarlyDefault:1]]
LogConfig: Setting CVar [[r.setres:1280x720]]
[2023.04.24-13.42.28:357][  0]LogConfig: Setting CVar [[r.VSync:0]]
[2023.04.24-13.42.28:357][  0]LogConfig: Setting CVar [[r.RHICmdBypass:0]]
[2023.04.24-13.42.28:357][  0]LogConfig: Applying CVar settings from Section [/Script/Engine.RendererSettings] File [C:/Users/Karym/Documents/GitHub/DUGENET_YOUSFI_ZHENG_UNREAL/DYZ_UnrealProject/Saved/Config/Windows/Engine.ini]
[2023.04.24-13.42.28:357][  0]LogConfig: Setting CVar [[r.GPUCrashDebugging:0]]
[2023.04.24-13.42.28:357][  0]LogConfig: Applying CVar settings from Section [/Script/Engine.RendererOverrideSettings] File [C:/Users/Karym/Documents/GitHub/DUGENET_YOUSFI_ZHENG_UNREAL/DYZ_UnrealProject/Saved/Config/Windows/Engine.ini]
[2023.04.24-13.42.28:357][  0]LogConfig: Applying CVar settings from Section [/Script/Engine.StreamingSettings] File [C:/Users/Karym/Documents/GitHub/DUGENET_YOUSFI_ZHENG_UNREAL/DYZ_UnrealProject/Saved/Config/Windows/Engine.ini]
[2023.04.24-13.42.28:357][  0]LogConfig: Setting CVar [[s.MinBulkDataSizeForAsyncLoading:131072]]
[2023.04.24-13.42.28:357][  0]LogConfig: Setting CVar [[s.AsyncLoadingThreadEnabled:0]]
[2023.04.24-13.42.28:357][  0]LogConfig: Setting CVar [[s.EventDrivenLoaderEnabled:1]]
[2023.04.24-13.42.28:357][  0]LogConfig: Setting CVar [[s.WarnIfTimeLimitExceeded:0]]
[2023.04.24-13.42.28:357][  0]LogConfig: Setting CVar [[s.TimeLimitExceededMultiplier:1.5]]
[2023.04.24-13.42.28:357][  0]LogConfig: Setting CVar [[s.TimeLimitExceededMinTime:0.005]]
[2023.04.24-13.42.28:357][  0]LogConfig: Setting CVar [[s.UseBackgroundLevelStreaming:1]]
[2023.04.24-13.42.28:357][  0]LogConfig: Setting CVar [[s.PriorityAsyncLoadingExtraTime:15.0]]
[2023.04.24-13.42.28:357][  0]LogConfig: Setting CVar [[s.LevelStreamingActorsUpdateTimeLimit:5.0]]
[2023.04.24-13.42.28:357][  0]LogConfig: Setting CVar [[s.PriorityLevelStreamingActorsUpdateExtraTime:5.0]]
[2023.04.24-13.42.28:357][  0]LogConfig: Setting CVar [[s.LevelStreamingComponentsRegistrationGranularity:10]]
[2023.04.24-13.42.28:357][  0]LogConfig: Setting CVar [[s.UnregisterComponentsTimeLimit:1.0]]
[2023.04.24-13.42.28:357][  0]LogConfig: Setting CVar [[s.LevelStreamingComponentsUnregistrationGranularity:5]]
[2023.04.24-13.42.28:357][  0]LogConfig: Setting CVar [[s.FlushStreamingOnExit:1]]
[2023.04.24-13.42.28:357][  0]LogConfig: Applying CVar settings from Section [/Script/Engine.GarbageCollectionSettings] File [C:/Users/Karym/Documents/GitHub/DUGENET_YOUSFI_ZHENG_UNREAL/DYZ_UnrealProject/Saved/Config/Windows/Engine.ini]
[2023.04.24-13.42.28:357][  0]LogConfig: Setting CVar [[gc.MaxObjectsNotConsideredByGC:1]]
[2023.04.24-13.42.28:357][  0]LogConfig: Setting CVar [[gc.SizeOfPermanentObjectPool:0]]
[2023.04.24-13.42.28:357][  0]LogConfig: Setting CVar [[gc.FlushStreamingOnGC:0]]
[2023.04.24-13.42.28:357][  0]LogConfig: Setting CVar [[gc.NumRetriesBeforeForcingGC:10]]
[2023.04.24-13.42.28:357][  0]LogConfig: Setting CVar [[gc.AllowParallelGC:1]]
[2023.04.24-13.42.28:357][  0]LogConfig: Setting CVar [[gc.TimeBetweenPurgingPendingKillObjects:61.1]]
[2023.04.24-13.42.28:357][  0]LogConfig: Setting CVar [[gc.MaxObjectsInEditor:25165824]]
[2023.04.24-13.42.28:357][  0]LogConfig: Setting CVar [[gc.IncrementalBeginDestroyEnabled:1]]
[2023.04.24-13.42.28:357][  0]LogConfig: Setting CVar [[gc.CreateGCClusters:1]]
[2023.04.24-13.42.28:357][  0]LogConfig: Setting CVar [[gc.MinGCClusterSize:5]]
[2023.04.24-13.42.28:357][  0]LogConfig: Setting CVar [[gc.ActorClusteringEnabled:0]]
[2023.04.24-13.42.28:357][  0]LogConfig: Setting CVar [[gc.BlueprintClusteringEnabled:0]]
[2023.04.24-13.42.28:357][  0]LogConfig: Setting CVar [[gc.UseDisregardForGCOnDedicatedServers:0]]
[2023.04.24-13.42.28:357][  0]LogConfig: Setting CVar [[gc.MultithreadedDestructionEnabled:1]]
[2023.04.24-13.42.28:357][  0]LogConfig: Applying CVar settings from Section [/Script/Engine.NetworkSettings] File [C:/Users/Karym/Documents/GitHub/DUGENET_YOUSFI_ZHENG_UNREAL/DYZ_UnrealProject/Saved/Config/Windows/Engine.ini]
[2023.04.24-13.42.28:357][  0]LogConfig: Applying CVar settings from Section [/Script/UnrealEd.CookerSettings] File [C:/Users/Karym/Documents/GitHub/DUGENET_YOUSFI_ZHENG_UNREAL/DYZ_UnrealProject/Saved/Config/Windows/Engine.ini]
[2023.04.24-13.42.28:388][  0]LogConfig: Applying CVar settings from Section [ViewDistanceQuality@3] File [C:/Users/Karym/Documents/GitHub/DUGENET_YOUSFI_ZHENG_UNREAL/DYZ_UnrealProject/Saved/Config/Windows/Scalability.ini]
[2023.04.24-13.42.28:388][  0]LogConfig: Setting CVar [[r.SkeletalMeshLODBias:0]]
[2023.04.24-13.42.28:388][  0]LogConfig: Setting CVar [[r.ViewDistanceScale:1.0]]
[2023.04.24-13.42.28:388][  0]LogConfig: Applying CVar settings from Section [AntiAliasingQuality@3] File [C:/Users/Karym/Documents/GitHub/DUGENET_YOUSFI_ZHENG_UNREAL/DYZ_UnrealProject/Saved/Config/Windows/Scalability.ini]
[2023.04.24-13.42.28:388][  0]LogConfig: Setting CVar [[r.PostProcessAAQuality:4]]
[2023.04.24-13.42.28:388][  0]LogConfig: Applying CVar settings from Section [ShadowQuality@3] File [C:/Users/Karym/Documents/GitHub/DUGENET_YOUSFI_ZHENG_UNREAL/DYZ_UnrealProject/Saved/Config/Windows/Scalability.ini]
[2023.04.24-13.42.28:388][  0]LogConfig: Setting CVar [[r.LightFunctionQuality:1]]
[2023.04.24-13.42.28:388][  0]LogConfig: Setting CVar [[r.ShadowQuality:5]]
[2023.04.24-13.42.28:388][  0]LogConfig: Setting CVar [[r.Shadow.CSM.MaxCascades:10]]
[2023.04.24-13.42.28:388][  0]LogConfig: Setting CVar [[r.Shadow.MaxResolution:2048]]
[2023.04.24-13.42.28:388][  0]LogConfig: Setting CVar [[r.Shadow.MaxCSMResolution:2048]]
[2023.04.24-13.42.28:388][  0]LogConfig: Setting CVar [[r.Shadow.RadiusThreshold:0.01]]
[2023.04.24-13.42.28:388][  0]LogConfig: Setting CVar [[r.Shadow.DistanceScale:1.0]]
[2023.04.24-13.42.28:388][  0]LogConfig: Setting CVar [[r.Shadow.CSM.TransitionScale:1.0]]
[2023.04.24-13.42.28:388][  0]LogConfig: Setting CVar [[r.Shadow.PreShadowResolutionFactor:1.0]]
[2023.04.24-13.42.28:388][  0]LogConfig: Setting CVar [[r.DistanceFieldShadowing:1]]
[2023.04.24-13.42.28:388][  0]LogConfig: Setting CVar [[r.DistanceFieldAO:1]]
[2023.04.24-13.42.28:388][  0]LogConfig: Setting CVar [[r.AOQuality:2]]
[2023.04.24-13.42.28:388][  0]LogConfig: Setting CVar [[r.VolumetricFog:1]]
[2023.04.24-13.42.28:388][  0]LogConfig: Setting CVar [[r.VolumetricFog.GridPixelSize:8]]
[2023.04.24-13.42.28:388][  0]LogConfig: Setting CVar [[r.VolumetricFog.GridSizeZ:128]]
[2023.04.24-13.42.28:388][  0]LogConfig: Setting CVar [[r.VolumetricFog.HistoryMissSupersampleCount:4]]
[2023.04.24-13.42.28:388][  0]LogConfig: Setting CVar [[r.LightMaxDrawDistanceScale:1]]
[2023.04.24-13.42.28:388][  0]LogConfig: Setting CVar [[r.CapsuleShadows:1]]
[2023.04.24-13.42.28:388][  0]LogConfig: Applying CVar settings from Section [PostProcessQuality@3] File [C:/Users/Karym/Documents/GitHub/DUGENET_YOUSFI_ZHENG_UNREAL/DYZ_UnrealProject/Saved/Config/Windows/Scalability.ini]
[2023.04.24-13.42.28:388][  0]LogConfig: Setting CVar [[r.MotionBlurQuality:4]]
[2023.04.24-13.42.28:388][  0]LogConfig: Setting CVar [[r.AmbientOcclusionMipLevelFactor:0.4]]
[2023.04.24-13.42.28:388][  0]LogConfig: Setting CVar [[r.AmbientOcclusionMaxQuality:100]]
[2023.04.24-13.42.28:388][  0]LogConfig: Setting CVar [[r.AmbientOcclusionLevels:-1]]
[2023.04.24-13.42.28:388][  0]LogConfig: Setting CVar [[r.AmbientOcclusionRadiusScale:1.0]]
[2023.04.24-13.42.28:388][  0]LogConfig: Setting CVar [[r.DepthOfFieldQuality:2]]
[2023.04.24-13.42.28:389][  0]LogConfig: Setting CVar [[r.RenderTargetPoolMin:400]]
[2023.04.24-13.42.28:389][  0]LogConfig: Setting CVar [[r.LensFlareQuality:2]]
[2023.04.24-13.42.28:389][  0]LogConfig: Setting CVar [[r.SceneColorFringeQuality:1]]
[2023.04.24-13.42.28:389][  0]LogConfig: Setting CVar [[r.EyeAdaptationQuality:2]]
[2023.04.24-13.42.28:389][  0]LogConfig: Setting CVar [[r.BloomQuality:5]]
[2023.04.24-13.42.28:389][  0]LogConfig: Setting CVar [[r.FastBlurThreshold:100]]
[2023.04.24-13.42.28:389][  0]LogConfig: Setting CVar [[r.Upscale.Quality:3]]
[2023.04.24-13.42.28:389][  0]LogConfig: Setting CVar [[r.Tonemapper.GrainQuantization:1]]
[2023.04.24-13.42.28:389][  0]LogConfig: Setting CVar [[r.LightShaftQuality:1]]
[2023.04.24-13.42.28:389][  0]LogConfig: Setting CVar [[r.Filter.SizeScale:1]]
[2023.04.24-13.42.28:389][  0]LogConfig: Setting CVar [[r.Tonemapper.Quality:5]]
[2023.04.24-13.42.28:389][  0]LogConfig: Setting CVar [[r.DOF.Gather.AccumulatorQuality:1        ; higher gathering accumulator quality]]
[2023.04.24-13.42.28:389][  0]LogConfig: Setting CVar [[r.DOF.Gather.PostfilterMethod:1          ; Median3x3 postfilering method]]
[2023.04.24-13.42.28:389][  0]LogConfig: Setting CVar [[r.DOF.Gather.EnableBokehSettings:0       ; no bokeh simulation when gathering]]
[2023.04.24-13.42.28:389][  0]LogConfig: Setting CVar [[r.DOF.Gather.RingCount:4                 ; medium number of samples when gathering]]
[2023.04.24-13.42.28:389][  0]LogConfig: Setting CVar [[r.DOF.Scatter.ForegroundCompositing:1    ; additive foreground scattering]]
[2023.04.24-13.42.28:389][  0]LogConfig: Setting CVar [[r.DOF.Scatter.BackgroundCompositing:2    ; additive background scattering]]
[2023.04.24-13.42.28:389][  0]LogConfig: Setting CVar [[r.DOF.Scatter.EnableBokehSettings:1      ; bokeh simulation when scattering]]
[2023.04.24-13.42.28:389][  0]LogConfig: Setting CVar [[r.DOF.Scatter.MaxSpriteRatio:0.1         ; only a maximum of 10% of scattered bokeh]]
[2023.04.24-13.42.28:389][  0]LogConfig: Setting CVar [[r.DOF.Recombine.Quality:1                ; cheap slight out of focus]]
[2023.04.24-13.42.28:389][  0]LogConfig: Setting CVar [[r.DOF.Recombine.EnableBokehSettings:0    ; no bokeh simulation on slight out of focus]]
[2023.04.24-13.42.28:389][  0]LogConfig: Setting CVar [[r.DOF.TemporalAAQuality:1                ; more stable temporal accumulation]]
[2023.04.24-13.42.28:389][  0]LogConfig: Setting CVar [[r.DOF.Kernel.MaxForegroundRadius:0.025]]
[2023.04.24-13.42.28:389][  0]LogConfig: Setting CVar [[r.DOF.Kernel.MaxBackgroundRadius:0.025]]
[2023.04.24-13.42.28:389][  0]LogConfig: Applying CVar settings from Section [TextureQuality@3] File [C:/Users/Karym/Documents/GitHub/DUGENET_YOUSFI_ZHENG_UNREAL/DYZ_UnrealProject/Saved/Config/Windows/Scalability.ini]
[2023.04.24-13.42.28:389][  0]LogConfig: Setting CVar [[r.Streaming.MipBias:0]]
[2023.04.24-13.42.28:389][  0]LogConfig: Setting CVar [[r.Streaming.AmortizeCPUToGPUCopy:0]]
[2023.04.24-13.42.28:389][  0]LogConfig: Setting CVar [[r.Streaming.MaxNumTexturesToStreamPerFrame:0]]
[2023.04.24-13.42.28:389][  0]LogConfig: Setting CVar [[r.Streaming.Boost:1]]
[2023.04.24-13.42.28:389][  0]LogConfig: Setting CVar [[r.MaxAnisotropy:8]]
[2023.04.24-13.42.28:389][  0]LogConfig: Setting CVar [[r.VT.MaxAnisotropy:8]]
[2023.04.24-13.42.28:389][  0]LogConfig: Setting CVar [[r.Streaming.LimitPoolSizeToVRAM:0]]
[2023.04.24-13.42.28:389][  0]LogConfig: Setting CVar [[r.Streaming.PoolSize:1000]]
[2023.04.24-13.42.28:389][  0]LogConfig: Setting CVar [[r.Streaming.MaxEffectiveScreenSize:0]]
[2023.04.24-13.42.28:389][  0]LogConfig: Applying CVar settings from Section [EffectsQuality@3] File [C:/Users/Karym/Documents/GitHub/DUGENET_YOUSFI_ZHENG_UNREAL/DYZ_UnrealProject/Saved/Config/Windows/Scalability.ini]
[2023.04.24-13.42.28:389][  0]LogConfig: Setting CVar [[r.TranslucencyLightingVolumeDim:64]]
[2023.04.24-13.42.28:389][  0]LogConfig: Setting CVar [[r.RefractionQuality:2]]
[2023.04.24-13.42.28:389][  0]LogConfig: Setting CVar [[r.SSR.Quality:3]]
[2023.04.24-13.42.28:389][  0]LogConfig: Setting CVar [[r.SSR.HalfResSceneColor:0]]
[2023.04.24-13.42.28:389][  0]LogConfig: Setting CVar [[r.SceneColorFormat:4]]
[2023.04.24-13.42.28:389][  0]LogConfig: Setting CVar [[r.DetailMode:2]]
[2023.04.24-13.42.28:389][  0]LogConfig: Setting CVar [[r.TranslucencyVolumeBlur:1]]
[2023.04.24-13.42.28:389][  0]LogConfig: Setting CVar [[r.MaterialQualityLevel:1 ; High quality]]
[2023.04.24-13.42.28:389][  0]LogConfig: Setting CVar [[r.AnisotropicMaterials:1]]
[2023.04.24-13.42.28:389][  0]LogConfig: Setting CVar [[r.SSS.Scale:1]]
[2023.04.24-13.42.28:389][  0]LogConfig: Setting CVar [[r.SSS.SampleSet:2]]
[2023.04.24-13.42.28:389][  0]LogConfig: Setting CVar [[r.SSS.Quality:1]]
[2023.04.24-13.42.28:389][  0]LogConfig: Setting CVar [[r.SSS.HalfRes:0]]
[2023.04.24-13.42.28:389][  0]LogConfig: Setting CVar [[r.SSGI.Quality:3]]
[2023.04.24-13.42.28:389][  0]LogConfig: Setting CVar [[r.EmitterSpawnRateScale:1.0]]
[2023.04.24-13.42.28:389][  0]LogConfig: Setting CVar [[r.ParticleLightQuality:2]]
[2023.04.24-13.42.28:389][  0]LogConfig: Setting CVar [[r.SkyAtmosphere.AerialPerspectiveLUT.FastApplyOnOpaque:1 ; Always have FastSkyLUT 1 in this case to avoid wrong sky]]
[2023.04.24-13.42.28:389][  0]LogConfig: Setting CVar [[r.SkyAtmosphere.AerialPerspectiveLUT.SampleCountMaxPerSlice:4]]
[2023.04.24-13.42.28:389][  0]LogConfig: Setting CVar [[r.SkyAtmosphere.AerialPerspectiveLUT.DepthResolution:16.0]]
[2023.04.24-13.42.28:389][  0]LogConfig: Setting CVar [[r.SkyAtmosphere.FastSkyLUT:1]]
[2023.04.24-13.42.28:389][  0]LogConfig: Setting CVar [[r.SkyAtmosphere.FastSkyLUT.SampleCountMin:4.0]]
[2023.04.24-13.42.28:389][  0]LogConfig: Setting CVar [[r.SkyAtmosphere.FastSkyLUT.SampleCountMax:128.0]]
[2023.04.24-13.42.28:389][  0]LogConfig: Setting CVar [[r.SkyAtmosphere.SampleCountMin:4.0]]
[2023.04.24-13.42.28:389][  0]LogConfig: Setting CVar [[r.SkyAtmosphere.SampleCountMax:128.0]]
[2023.04.24-13.42.28:389][  0]LogConfig: Setting CVar [[r.SkyAtmosphere.TransmittanceLUT.UseSmallFormat:0]]
[2023.04.24-13.42.28:389][  0]LogConfig: Setting CVar [[r.SkyAtmosphere.TransmittanceLUT.SampleCount:10.0]]
[2023.04.24-13.42.28:389][  0]LogConfig: Setting CVar [[r.SkyAtmosphere.MultiScatteringLUT.SampleCount:15.0]]
[2023.04.24-13.42.28:389][  0]LogConfig: Setting CVar [[r.SkyLight.RealTimeReflectionCapture:1]]
[2023.04.24-13.42.28:389][  0]LogConfig: Applying CVar settings from Section [FoliageQuality@3] File [C:/Users/Karym/Documents/GitHub/DUGENET_YOUSFI_ZHENG_UNREAL/DYZ_UnrealProject/Saved/Config/Windows/Scalability.ini]
[2023.04.24-13.42.28:389][  0]LogConfig: Setting CVar [[foliage.DensityScale:1.0]]
[2023.04.24-13.42.28:389][  0]LogConfig: Setting CVar [[grass.DensityScale:1.0]]
[2023.04.24-13.42.28:389][  0]LogConfig: Applying CVar settings from Section [ShadingQuality@3] File [C:/Users/Karym/Documents/GitHub/DUGENET_YOUSFI_ZHENG_UNREAL/DYZ_UnrealProject/Saved/Config/Windows/Scalability.ini]
[2023.04.24-13.42.28:389][  0]LogConfig: Setting CVar [[r.HairStrands.SkyLighting.IntegrationType:2]]
[2023.04.24-13.42.28:389][  0]LogConfig: Setting CVar [[r.HairStrands.SkyAO.SampleCount:4]]
[2023.04.24-13.42.28:389][  0]LogConfig: Setting CVar [[r.HairStrands.Visibility.MSAA.SamplePerPixel:4]]
[2023.04.24-13.42.28:389][  0]LogInit: Selected Device Profile: [Windows]
[2023.04.24-13.42.28:389][  0]LogInit: Applying CVar settings loaded from the selected device profile: [Windows]
[2023.04.24-13.42.28:389][  0]LogHAL: Display: Platform has ~ 16 GB [16866869248 / 17179869184 / 16], which maps to Larger [LargestMinGB=32, LargerMinGB=12, DefaultMinGB=8, SmallerMinGB=6, SmallestMinGB=0)
[2023.04.24-13.42.28:389][  0]LogInit: Going up to parent DeviceProfile []
[2023.04.24-13.42.28:389][  0]LogConfig: Applying CVar settings from Section [ViewDistanceQuality@3] File [C:/Users/Karym/Documents/GitHub/DUGENET_YOUSFI_ZHENG_UNREAL/DYZ_UnrealProject/Saved/Config/Windows/Scalability.ini]
[2023.04.24-13.42.28:389][  0]LogConfig: Setting CVar [[r.SkeletalMeshLODBias:0]]
[2023.04.24-13.42.28:389][  0]LogConfig: Setting CVar [[r.ViewDistanceScale:1.0]]
[2023.04.24-13.42.28:389][  0]LogConfig: Applying CVar settings from Section [AntiAliasingQuality@3] File [C:/Users/Karym/Documents/GitHub/DUGENET_YOUSFI_ZHENG_UNREAL/DYZ_UnrealProject/Saved/Config/Windows/Scalability.ini]
[2023.04.24-13.42.28:389][  0]LogConfig: Setting CVar [[r.PostProcessAAQuality:4]]
[2023.04.24-13.42.28:389][  0]LogConfig: Applying CVar settings from Section [ShadowQuality@3] File [C:/Users/Karym/Documents/GitHub/DUGENET_YOUSFI_ZHENG_UNREAL/DYZ_UnrealProject/Saved/Config/Windows/Scalability.ini]
[2023.04.24-13.42.28:389][  0]LogConfig: Setting CVar [[r.LightFunctionQuality:1]]
[2023.04.24-13.42.28:389][  0]LogConfig: Setting CVar [[r.ShadowQuality:5]]
[2023.04.24-13.42.28:390][  0]LogConfig: Setting CVar [[r.Shadow.CSM.MaxCascades:10]]
[2023.04.24-13.42.28:390][  0]LogConfig: Setting CVar [[r.Shadow.MaxResolution:2048]]
[2023.04.24-13.42.28:390][  0]LogConfig: Setting CVar [[r.Shadow.MaxCSMResolution:2048]]
[2023.04.24-13.42.28:390][  0]LogConfig: Setting CVar [[r.Shadow.RadiusThreshold:0.01]]
[2023.04.24-13.42.28:390][  0]LogConfig: Setting CVar [[r.Shadow.DistanceScale:1.0]]
[2023.04.24-13.42.28:390][  0]LogConfig: Setting CVar [[r.Shadow.CSM.TransitionScale:1.0]]
[2023.04.24-13.42.28:390][  0]LogConfig: Setting CVar [[r.Shadow.PreShadowResolutionFactor:1.0]]
[2023.04.24-13.42.28:390][  0]LogConfig: Setting CVar [[r.DistanceFieldShadowing:1]]
[2023.04.24-13.42.28:390][  0]LogConfig: Setting CVar [[r.DistanceFieldAO:1]]
[2023.04.24-13.42.28:390][  0]LogConfig: Setting CVar [[r.AOQuality:2]]
[2023.04.24-13.42.28:390][  0]LogConfig: Setting CVar [[r.VolumetricFog:1]]
[2023.04.24-13.42.28:390][  0]LogConfig: Setting CVar [[r.VolumetricFog.GridPixelSize:8]]
[2023.04.24-13.42.28:390][  0]LogConfig: Setting CVar [[r.VolumetricFog.GridSizeZ:128]]
[2023.04.24-13.42.28:390][  0]LogConfig: Setting CVar [[r.VolumetricFog.HistoryMissSupersampleCount:4]]
[2023.04.24-13.42.28:390][  0]LogConfig: Setting CVar [[r.LightMaxDrawDistanceScale:1]]
[2023.04.24-13.42.28:390][  0]LogConfig: Setting CVar [[r.CapsuleShadows:1]]
[2023.04.24-13.42.28:390][  0]LogConfig: Applying CVar settings from Section [PostProcessQuality@3] File [C:/Users/Karym/Documents/GitHub/DUGENET_YOUSFI_ZHENG_UNREAL/DYZ_UnrealProject/Saved/Config/Windows/Scalability.ini]
[2023.04.24-13.42.28:390][  0]LogConfig: Setting CVar [[r.MotionBlurQuality:4]]
[2023.04.24-13.42.28:390][  0]LogConfig: Setting CVar [[r.AmbientOcclusionMipLevelFactor:0.4]]
[2023.04.24-13.42.28:390][  0]LogConfig: Setting CVar [[r.AmbientOcclusionMaxQuality:100]]
[2023.04.24-13.42.28:390][  0]LogConfig: Setting CVar [[r.AmbientOcclusionLevels:-1]]
[2023.04.24-13.42.28:390][  0]LogConfig: Setting CVar [[r.AmbientOcclusionRadiusScale:1.0]]
[2023.04.24-13.42.28:390][  0]LogConfig: Setting CVar [[r.DepthOfFieldQuality:2]]
[2023.04.24-13.42.28:390][  0]LogConfig: Setting CVar [[r.RenderTargetPoolMin:400]]
[2023.04.24-13.42.28:390][  0]LogConfig: Setting CVar [[r.LensFlareQuality:2]]
[2023.04.24-13.42.28:390][  0]LogConfig: Setting CVar [[r.SceneColorFringeQuality:1]]
[2023.04.24-13.42.28:390][  0]LogConfig: Setting CVar [[r.EyeAdaptationQuality:2]]
[2023.04.24-13.42.28:390][  0]LogConfig: Setting CVar [[r.BloomQuality:5]]
[2023.04.24-13.42.28:390][  0]LogConfig: Setting CVar [[r.FastBlurThreshold:100]]
[2023.04.24-13.42.28:390][  0]LogConfig: Setting CVar [[r.Upscale.Quality:3]]
[2023.04.24-13.42.28:390][  0]LogConfig: Setting CVar [[r.Tonemapper.GrainQuantization:1]]
[2023.04.24-13.42.28:390][  0]LogConfig: Setting CVar [[r.LightShaftQuality:1]]
[2023.04.24-13.42.28:390][  0]LogConfig: Setting CVar [[r.Filter.SizeScale:1]]
[2023.04.24-13.42.28:390][  0]LogConfig: Setting CVar [[r.Tonemapper.Quality:5]]
[2023.04.24-13.42.28:390][  0]LogConfig: Setting CVar [[r.DOF.Gather.AccumulatorQuality:1        ; higher gathering accumulator quality]]
[2023.04.24-13.42.28:390][  0]LogConfig: Setting CVar [[r.DOF.Gather.PostfilterMethod:1          ; Median3x3 postfilering method]]
[2023.04.24-13.42.28:390][  0]LogConfig: Setting CVar [[r.DOF.Gather.EnableBokehSettings:0       ; no bokeh simulation when gathering]]
[2023.04.24-13.42.28:390][  0]LogConfig: Setting CVar [[r.DOF.Gather.RingCount:4                 ; medium number of samples when gathering]]
[2023.04.24-13.42.28:390][  0]LogConfig: Setting CVar [[r.DOF.Scatter.ForegroundCompositing:1    ; additive foreground scattering]]
[2023.04.24-13.42.28:390][  0]LogConfig: Setting CVar [[r.DOF.Scatter.BackgroundCompositing:2    ; additive background scattering]]
[2023.04.24-13.42.28:390][  0]LogConfig: Setting CVar [[r.DOF.Scatter.EnableBokehSettings:1      ; bokeh simulation when scattering]]
[2023.04.24-13.42.28:390][  0]LogConfig: Setting CVar [[r.DOF.Scatter.MaxSpriteRatio:0.1         ; only a maximum of 10% of scattered bokeh]]
[2023.04.24-13.42.28:390][  0]LogConfig: Setting CVar [[r.DOF.Recombine.Quality:1                ; cheap slight out of focus]]
[2023.04.24-13.42.28:390][  0]LogConfig: Setting CVar [[r.DOF.Recombine.EnableBokehSettings:0    ; no bokeh simulation on slight out of focus]]
[2023.04.24-13.42.28:390][  0]LogConfig: Setting CVar [[r.DOF.TemporalAAQuality:1                ; more stable temporal accumulation]]
[2023.04.24-13.42.28:390][  0]LogConfig: Setting CVar [[r.DOF.Kernel.MaxForegroundRadius:0.025]]
[2023.04.24-13.42.28:390][  0]LogConfig: Setting CVar [[r.DOF.Kernel.MaxBackgroundRadius:0.025]]
[2023.04.24-13.42.28:390][  0]LogConfig: Applying CVar settings from Section [TextureQuality@3] File [C:/Users/Karym/Documents/GitHub/DUGENET_YOUSFI_ZHENG_UNREAL/DYZ_UnrealProject/Saved/Config/Windows/Scalability.ini]
[2023.04.24-13.42.28:390][  0]LogConfig: Setting CVar [[r.Streaming.MipBias:0]]
[2023.04.24-13.42.28:390][  0]LogConfig: Setting CVar [[r.Streaming.AmortizeCPUToGPUCopy:0]]
[2023.04.24-13.42.28:390][  0]LogConfig: Setting CVar [[r.Streaming.MaxNumTexturesToStreamPerFrame:0]]
[2023.04.24-13.42.28:390][  0]LogConfig: Setting CVar [[r.Streaming.Boost:1]]
[2023.04.24-13.42.28:390][  0]LogConfig: Setting CVar [[r.MaxAnisotropy:8]]
[2023.04.24-13.42.28:390][  0]LogConfig: Setting CVar [[r.VT.MaxAnisotropy:8]]
[2023.04.24-13.42.28:390][  0]LogConfig: Setting CVar [[r.Streaming.LimitPoolSizeToVRAM:0]]
[2023.04.24-13.42.28:390][  0]LogConfig: Setting CVar [[r.Streaming.PoolSize:1000]]
[2023.04.24-13.42.28:390][  0]LogConfig: Setting CVar [[r.Streaming.MaxEffectiveScreenSize:0]]
[2023.04.24-13.42.28:390][  0]LogConfig: Applying CVar settings from Section [EffectsQuality@3] File [C:/Users/Karym/Documents/GitHub/DUGENET_YOUSFI_ZHENG_UNREAL/DYZ_UnrealProject/Saved/Config/Windows/Scalability.ini]
[2023.04.24-13.42.28:390][  0]LogConfig: Setting CVar [[r.TranslucencyLightingVolumeDim:64]]
[2023.04.24-13.42.28:390][  0]LogConfig: Setting CVar [[r.RefractionQuality:2]]
[2023.04.24-13.42.28:390][  0]LogConfig: Setting CVar [[r.SSR.Quality:3]]
[2023.04.24-13.42.28:390][  0]LogConfig: Setting CVar [[r.SSR.HalfResSceneColor:0]]
[2023.04.24-13.42.28:390][  0]LogConfig: Setting CVar [[r.SceneColorFormat:4]]
[2023.04.24-13.42.28:390][  0]LogConfig: Setting CVar [[r.DetailMode:2]]
[2023.04.24-13.42.28:390][  0]LogConfig: Setting CVar [[r.TranslucencyVolumeBlur:1]]
[2023.04.24-13.42.28:390][  0]LogConfig: Setting CVar [[r.MaterialQualityLevel:1 ; High quality]]
[2023.04.24-13.42.28:390][  0]LogConfig: Setting CVar [[r.AnisotropicMaterials:1]]
[2023.04.24-13.42.28:390][  0]LogConfig: Setting CVar [[r.SSS.Scale:1]]
[2023.04.24-13.42.28:390][  0]LogConfig: Setting CVar [[r.SSS.SampleSet:2]]
[2023.04.24-13.42.28:390][  0]LogConfig: Setting CVar [[r.SSS.Quality:1]]
[2023.04.24-13.42.28:390][  0]LogConfig: Setting CVar [[r.SSS.HalfRes:0]]
[2023.04.24-13.42.28:390][  0]LogConfig: Setting CVar [[r.SSGI.Quality:3]]
[2023.04.24-13.42.28:390][  0]LogConfig: Setting CVar [[r.EmitterSpawnRateScale:1.0]]
[2023.04.24-13.42.28:390][  0]LogConfig: Setting CVar [[r.ParticleLightQuality:2]]
[2023.04.24-13.42.28:390][  0]LogConfig: Setting CVar [[r.SkyAtmosphere.AerialPerspectiveLUT.FastApplyOnOpaque:1 ; Always have FastSkyLUT 1 in this case to avoid wrong sky]]
[2023.04.24-13.42.28:390][  0]LogConfig: Setting CVar [[r.SkyAtmosphere.AerialPerspectiveLUT.SampleCountMaxPerSlice:4]]
[2023.04.24-13.42.28:390][  0]LogConfig: Setting CVar [[r.SkyAtmosphere.AerialPerspectiveLUT.DepthResolution:16.0]]
[2023.04.24-13.42.28:390][  0]LogConfig: Setting CVar [[r.SkyAtmosphere.FastSkyLUT:1]]
[2023.04.24-13.42.28:390][  0]LogConfig: Setting CVar [[r.SkyAtmosphere.FastSkyLUT.SampleCountMin:4.0]]
[2023.04.24-13.42.28:390][  0]LogConfig: Setting CVar [[r.SkyAtmosphere.FastSkyLUT.SampleCountMax:128.0]]
[2023.04.24-13.42.28:390][  0]LogConfig: Setting CVar [[r.SkyAtmosphere.SampleCountMin:4.0]]
[2023.04.24-13.42.28:390][  0]LogConfig: Setting CVar [[r.SkyAtmosphere.SampleCountMax:128.0]]
[2023.04.24-13.42.28:390][  0]LogConfig: Setting CVar [[r.SkyAtmosphere.TransmittanceLUT.UseSmallFormat:0]]
[2023.04.24-13.42.28:390][  0]LogConfig: Setting CVar [[r.SkyAtmosphere.TransmittanceLUT.SampleCount:10.0]]
[2023.04.24-13.42.28:390][  0]LogConfig: Setting CVar [[r.SkyAtmosphere.MultiScatteringLUT.SampleCount:15.0]]
[2023.04.24-13.42.28:390][  0]LogConfig: Setting CVar [[r.SkyLight.RealTimeReflectionCapture:1]]
[2023.04.24-13.42.28:390][  0]LogConfig: Applying CVar settings from Section [FoliageQuality@3] File [C:/Users/Karym/Documents/GitHub/DUGENET_YOUSFI_ZHENG_UNREAL/DYZ_UnrealProject/Saved/Config/Windows/Scalability.ini]
[2023.04.24-13.42.28:390][  0]LogConfig: Setting CVar [[foliage.DensityScale:1.0]]
[2023.04.24-13.42.28:390][  0]LogConfig: Setting CVar [[grass.DensityScale:1.0]]
[2023.04.24-13.42.28:390][  0]LogConfig: Applying CVar settings from Section [ShadingQuality@3] File [C:/Users/Karym/Documents/GitHub/DUGENET_YOUSFI_ZHENG_UNREAL/DYZ_UnrealProject/Saved/Config/Windows/Scalability.ini]
[2023.04.24-13.42.28:390][  0]LogConfig: Setting CVar [[r.HairStrands.SkyLighting.IntegrationType:2]]
[2023.04.24-13.42.28:390][  0]LogConfig: Setting CVar [[r.HairStrands.SkyAO.SampleCount:4]]
[2023.04.24-13.42.28:390][  0]LogConfig: Setting CVar [[r.HairStrands.Visibility.MSAA.SamplePerPixel:4]]
[2023.04.24-13.42.28:390][  0]LogConfig: Applying CVar settings from Section [Startup] File [../../../Engine/Config/ConsoleVariables.ini]
[2023.04.24-13.42.28:390][  0]LogConfig: Setting CVar [[net.UseAdaptiveNetUpdateFrequency:0]]
[2023.04.24-13.42.28:390][  0]LogConfig: Setting CVar [[p.chaos.AllowCreatePhysxBodies:1]]
[2023.04.24-13.42.28:390][  0]LogConfig: Setting CVar [[fx.SkipVectorVMBackendOptimizations:1]]
[2023.04.24-13.42.28:390][  0]LogConfig: Applying CVar settings from Section [ConsoleVariables] File [C:/Users/Karym/Documents/GitHub/DUGENET_YOUSFI_ZHENG_UNREAL/DYZ_UnrealProject/Saved/Config/Windows/Engine.ini]
[2023.04.24-13.42.28:390][  0]LogConfig: Applying CVar settings from Section [ConsoleVariables] File [C:/Users/Karym/Documents/GitHub/DUGENET_YOUSFI_ZHENG_UNREAL/DYZ_UnrealProject/Saved/Config/Windows/Editor.ini]
[2023.04.24-13.42.28:392][  0]LogInit: Computer: MSI
[2023.04.24-13.42.28:392][  0]LogInit: User: Karym
[2023.04.24-13.42.28:392][  0]LogInit: CPU Page size=4096, Cores=8
[2023.04.24-13.42.28:392][  0]LogInit: High frequency timer resolution =10.000000 MHz
[2023.04.24-13.42.28:392][  0]LogMemory: Memory total: Physical=15.7GB (16GB approx)
[2023.04.24-13.42.28:392][  0]LogMemory: Platform Memory Stats for Windows
[2023.04.24-13.42.28:392][  0]LogMemory: Process Physical Memory: 154.69 MB used, 157.71 MB peak
[2023.04.24-13.42.28:392][  0]LogMemory: Process Virtual Memory: 135.92 MB used, 135.92 MB peak
[2023.04.24-13.42.28:392][  0]LogMemory: Physical Memory: 9121.47 MB used,  6964.03 MB free, 16085.50 MB total
[2023.04.24-13.42.28:392][  0]LogMemory: Virtual Memory: 134207160.00 MB used,  10571.13 MB free, 134217728.00 MB total
[2023.04.24-13.42.28:632][  0]LogWindows: WindowsPlatformFeatures enabled
[2023.04.24-13.42.28:681][  0]LogInit: Physics initialised using underlying interface: PhysX
[2023.04.24-13.42.28:682][  0]LogInit: Using OS detected language (fr-FR).
[2023.04.24-13.42.28:682][  0]LogInit: Using OS detected locale (fr-FR).
[2023.04.24-13.42.28:685][  0]LogTextLocalizationManager: No specific localization for 'fr-FR' exists, so the 'fr' localization will be used.
[2023.04.24-13.42.28:686][  0]LogTextLocalizationResource: LocRes '../../../Engine/Content/Localization/Editor/fr/Editor.locres' could not be opened for reading!
[2023.04.24-13.42.28:686][  0]LogTextLocalizationResource: LocRes '../../../Engine/Content/Localization/EditorTutorials/fr/EditorTutorials.locres' could not be opened for reading!
[2023.04.24-13.42.28:686][  0]LogTextLocalizationResource: LocRes '../../../Engine/Content/Localization/Keywords/fr/Keywords.locres' could not be opened for reading!
[2023.04.24-13.42.28:686][  0]LogTextLocalizationResource: LocRes '../../../Engine/Content/Localization/Category/fr/Category.locres' could not be opened for reading!
[2023.04.24-13.42.28:686][  0]LogTextLocalizationResource: LocRes '../../../Engine/Content/Localization/ToolTips/fr/ToolTips.locres' could not be opened for reading!
[2023.04.24-13.42.28:686][  0]LogTextLocalizationResource: LocRes '../../../Engine/Content/Localization/PropertyNames/fr/PropertyNames.locres' could not be opened for reading!
[2023.04.24-13.42.28:686][  0]LogTextLocalizationResource: LocRes '../../../Engine/Content/Localization/Engine/fr/Engine.locres' could not be opened for reading!
[2023.04.24-13.42.28:687][  0]LogInit: Setting process to per monitor DPI aware
[2023.04.24-13.42.28:700][  0]LogWindowsTextInputMethodSystem: Display: IME system deactivated.
[2023.04.24-13.42.28:717][  0]LogSlate: New Slate User Created.  User Index 0, Is Virtual User: 0
[2023.04.24-13.42.28:717][  0]LogSlate: Slate User Registered.  User Index 0, Is Virtual User: 0
[2023.04.24-13.42.28:867][  0]LogD3D11RHI: Loaded GFSDK_Aftermath_Lib.x64.dll
[2023.04.24-13.42.28:910][  0]LogHMD: Failed to initialize OpenVR with code 100
[2023.04.24-13.42.28:910][  0]LogD3D11RHI: D3D11 min allowed feature level: 11_0
[2023.04.24-13.42.28:910][  0]LogD3D11RHI: D3D11 max allowed feature level: 11_0
[2023.04.24-13.42.28:910][  0]LogD3D11RHI: D3D11 adapters:
[2023.04.24-13.42.29:040][  0]LogD3D11RHI:    0. 'NVIDIA GeForce RTX 3060 Laptop GPU' (Feature Level 11_0)
[2023.04.24-13.42.29:040][  0]LogD3D11RHI:       6009/0/8042 MB DedicatedVideo/DedicatedSystem/SharedSystem, Outputs:1, VendorId:0x10de
[2023.04.24-13.42.29:144][  0]LogD3D11RHI:    1. 'Intel(R) UHD Graphics' (Feature Level 11_0)
[2023.04.24-13.42.29:144][  0]LogD3D11RHI:       128/0/8042 MB DedicatedVideo/DedicatedSystem/SharedSystem, Outputs:0, VendorId:0x8086
[2023.04.24-13.42.29:148][  0]LogD3D11RHI:    2. 'Microsoft Basic Render Driver' (Feature Level 11_0)
[2023.04.24-13.42.29:148][  0]LogD3D11RHI:       0/0/8042 MB DedicatedVideo/DedicatedSystem/SharedSystem, Outputs:0, VendorId:0x1414
[2023.04.24-13.42.29:148][  0]LogD3D11RHI: Chosen D3D11 Adapter:
[2023.04.24-13.42.29:148][  0]LogD3D11RHI:     Description : NVIDIA GeForce RTX 3060 Laptop GPU
[2023.04.24-13.42.29:148][  0]LogD3D11RHI:     VendorId    : 10de
[2023.04.24-13.42.29:148][  0]LogD3D11RHI:     DeviceId    : 2520
[2023.04.24-13.42.29:148][  0]LogD3D11RHI:     SubSysId    : 12f81462
[2023.04.24-13.42.29:148][  0]LogD3D11RHI:     Revision    : 00a1
[2023.04.24-13.42.29:148][  0]LogD3D11RHI:     DedicatedVideoMemory : 6300893184 bytes
[2023.04.24-13.42.29:148][  0]LogD3D11RHI:     DedicatedSystemMemory : 0 bytes
[2023.04.24-13.42.29:148][  0]LogD3D11RHI:     SharedSystemMemory : 8433434624 bytes
[2023.04.24-13.42.29:148][  0]LogD3D11RHI:     AdapterLuid : 0 82362
[2023.04.24-13.42.29:156][  0]LogD3D11RHI: Creating new Direct3DDevice
[2023.04.24-13.42.29:156][  0]LogD3D11RHI:     GPU DeviceId: 0x2520 (for the marketing name, search the web for "GPU Device Id")
[2023.04.24-13.42.29:156][  0]LogWindows: EnumDisplayDevices:
[2023.04.24-13.42.29:156][  0]LogWindows:    0. 'Intel(R) UHD Graphics' (P:1 D:1)
[2023.04.24-13.42.29:157][  0]LogWindows:    1. 'Intel(R) UHD Graphics' (P:0 D:0)
[2023.04.24-13.42.29:157][  0]LogWindows:    2. 'Intel(R) UHD Graphics' (P:0 D:0)
[2023.04.24-13.42.29:157][  0]LogWindows:    3. 'Intel(R) UHD Graphics' (P:0 D:0)
[2023.04.24-13.42.29:157][  0]LogWindows:    4. 'NVIDIA GeForce RTX 3060 Laptop GPU' (P:0 D:0)
[2023.04.24-13.42.29:158][  0]LogWindows:    5. 'NVIDIA GeForce RTX 3060 Laptop GPU' (P:0 D:0)
[2023.04.24-13.42.29:158][  0]LogWindows:    6. 'NVIDIA GeForce RTX 3060 Laptop GPU' (P:0 D:0)
[2023.04.24-13.42.29:158][  0]LogWindows:    7. 'NVIDIA GeForce RTX 3060 Laptop GPU' (P:0 D:0)
[2023.04.24-13.42.29:158][  0]LogWindows: DebugString: PrimaryIsNotTheChoosenAdapter PrimaryIsNotTheChoosenAdapter PrimaryIsNotTheChoosenAdapter PrimaryIsNotTheChoosenAdapter FoundDriverCount:4 
[2023.04.24-13.42.29:158][  0]LogD3D11RHI:     Adapter Name: NVIDIA GeForce RTX 3060 Laptop GPU
[2023.04.24-13.42.29:158][  0]LogD3D11RHI:   Driver Version: 531.41 (internal:31.0.15.3141, unified:531.41)
[2023.04.24-13.42.29:158][  0]LogD3D11RHI:      Driver Date: 3-16-2023
[2023.04.24-13.42.29:158][  0]LogRHI: Texture pool is 4206 MB (70% of 6009 MB)
[2023.04.24-13.42.29:158][  0]LogD3D11RHI: Creating D3DDevice using adapter:
[2023.04.24-13.42.29:158][  0]LogD3D11RHI:     Description : NVIDIA GeForce RTX 3060 Laptop GPU
[2023.04.24-13.42.29:158][  0]LogD3D11RHI:     VendorId    : 10de
[2023.04.24-13.42.29:159][  0]LogD3D11RHI:     DeviceId    : 2520
[2023.04.24-13.42.29:159][  0]LogD3D11RHI:     SubSysId    : 12f81462
[2023.04.24-13.42.29:159][  0]LogD3D11RHI:     Revision    : 00a1
[2023.04.24-13.42.29:159][  0]LogD3D11RHI:     DedicatedVideoMemory : 6300893184 bytes
[2023.04.24-13.42.29:159][  0]LogD3D11RHI:     DedicatedSystemMemory : 0 bytes
[2023.04.24-13.42.29:159][  0]LogD3D11RHI:     SharedSystemMemory : 8433434624 bytes
[2023.04.24-13.42.29:159][  0]LogD3D11RHI:     AdapterLuid : 0 82362
[2023.04.24-13.42.29:239][  0]LogD3D11RHI: RHI has support for 64 bit atomics
[2023.04.24-13.42.29:239][  0]LogD3D11RHI: Async texture creation enabled
[2023.04.24-13.42.29:239][  0]LogD3D11RHI: Array index from any shader is supported
[2023.04.24-13.42.29:259][  0]LogD3D11RHI: GPU Timing Frequency: 1000.000000 (Debug: 2 2)
[2023.04.24-13.42.29:277][  0]LogRHI: GeForceNow SDK initialized: 1
[2023.04.24-13.42.29:671][  0]LogTargetPlatformManager: Display: Loaded TargetPlatform 'AllDesktop'
[2023.04.24-13.42.29:697][  0]LogTargetPlatformManager: Display: Loaded TargetPlatform 'Android'
[2023.04.24-13.42.29:697][  0]LogTargetPlatformManager: Display: Loaded TargetPlatform 'Android_ASTC'
[2023.04.24-13.42.29:697][  0]LogTargetPlatformManager: Display: Loaded TargetPlatform 'Android_DXT'
[2023.04.24-13.42.29:697][  0]LogTargetPlatformManager: Display: Loaded TargetPlatform 'Android_ETC2'
[2023.04.24-13.42.29:697][  0]LogTargetPlatformManager: Display: Loaded TargetPlatform 'AndroidClient'
[2023.04.24-13.42.29:697][  0]LogTargetPlatformManager: Display: Loaded TargetPlatform 'Android_ASTCClient'
[2023.04.24-13.42.29:697][  0]LogTargetPlatformManager: Display: Loaded TargetPlatform 'Android_DXTClient'
[2023.04.24-13.42.29:697][  0]LogTargetPlatformManager: Display: Loaded TargetPlatform 'Android_ETC2Client'
[2023.04.24-13.42.29:697][  0]LogTargetPlatformManager: Display: Loaded TargetPlatform 'Android_Multi'
[2023.04.24-13.42.29:697][  0]LogTargetPlatformManager: Display: Loaded TargetPlatform 'Android_MultiClient'
[2023.04.24-13.42.29:723][  0]LogTargetPlatformManager: Display: Loaded TargetPlatform 'IOSClient'
[2023.04.24-13.42.29:723][  0]LogTargetPlatformManager: Display: Loaded TargetPlatform 'IOS'
[2023.04.24-13.42.29:733][  0]LogTargetPlatformManager: Display: Loaded TargetPlatform 'Linux'
[2023.04.24-13.42.29:740][  0]LogTargetPlatformManager: Display: Loaded TargetPlatform 'LinuxNoEditor'
[2023.04.24-13.42.29:746][  0]LogTargetPlatformManager: Display: Loaded TargetPlatform 'LinuxClient'
[2023.04.24-13.42.29:751][  0]LogTargetPlatformManager: Display: Loaded TargetPlatform 'LinuxServer'
[2023.04.24-13.42.29:762][  0]LogTargetPlatformManager: Display: Loaded TargetPlatform 'LinuxAArch64NoEditor'
[2023.04.24-13.42.29:767][  0]LogTargetPlatformManager: Display: Loaded TargetPlatform 'LinuxAArch64Client'
[2023.04.24-13.42.29:771][  0]LogTargetPlatformManager: Display: Loaded TargetPlatform 'LinuxAArch64Server'
[2023.04.24-13.42.29:795][  0]LogTargetPlatformManager: Display: Loaded TargetPlatform 'Lumin'
[2023.04.24-13.42.29:795][  0]LogTargetPlatformManager: Display: Loaded TargetPlatform 'LuminClient'
[2023.04.24-13.42.29:803][  0]LogTargetPlatformManager: Display: Loaded TargetPlatform 'MacNoEditor'
[2023.04.24-13.42.29:809][  0]LogTargetPlatformManager: Display: Loaded TargetPlatform 'Mac'
[2023.04.24-13.42.29:814][  0]LogTargetPlatformManager: Display: Loaded TargetPlatform 'MacClient'
[2023.04.24-13.42.29:819][  0]LogTargetPlatformManager: Display: Loaded TargetPlatform 'MacServer'
[2023.04.24-13.42.29:829][  0]LogTargetPlatformManager: Display: Loaded TargetPlatform 'TVOSClient'
[2023.04.24-13.42.29:829][  0]LogTargetPlatformManager: Display: Loaded TargetPlatform 'TVOS'
[2023.04.24-13.42.29:839][  0]LogTargetPlatformManager: Display: Loaded TargetPlatform 'WindowsNoEditor'
[2023.04.24-13.42.29:847][  0]LogTargetPlatformManager: Display: Loaded TargetPlatform 'Windows'
[2023.04.24-13.42.29:853][  0]LogTargetPlatformManager: Display: Loaded TargetPlatform 'WindowsClient'
[2023.04.24-13.42.29:859][  0]LogTargetPlatformManager: Display: Loaded TargetPlatform 'WindowsServer'
[2023.04.24-13.42.29:859][  0]LogTargetPlatformManager: Display: Building Assets For Windows
[2023.04.24-13.42.29:871][  0]LogAudioDebug: Display: Lib vorbis DLL was dynamically loaded.
[2023.04.24-13.42.29:907][  0]LogTextureFormatOodle: Display: Oodle Texture 2.9.0 init RDO Off
[2023.04.24-13.42.29:944][  0]LogRendererCore: Ray tracing is disabled. Reason: r.RayTracing=0.
[2023.04.24-13.42.29:944][  0]LogShaderCompilers: Guid format shader working directory is -47 characters bigger than the processId version (../../../../../../Users/Karym/Documents/GitHub/DUGENET_YOUSFI_ZHENG_UNREAL/DYZ_UnrealProject/Intermediate/Shaders/WorkingDirectory/17560/).
[2023.04.24-13.42.29:945][  0]LogShaderCompilers: Cleaned the shader compiler working directory 'C:/Users/Karym/AppData/Local/Temp/UnrealShaderWorkingDir/3724EAB54D349C557D0FA49949E179DA/'.
[2023.04.24-13.42.29:945][  0]LogXGEController: Cannot use XGE Controller as Incredibuild is not installed on this machine.
[2023.04.24-13.42.29:945][  0]LogShaderCompilers: Cannot use XGE Shader Compiler as Incredibuild is not installed on this machine.
[2023.04.24-13.42.29:945][  0]LogShaderCompilers: Display: Using Local Shader Compiler.
[2023.04.24-13.42.30:712][  0]LogDerivedDataCache: Display: Max Cache Size: 512 MB
[2023.04.24-13.42.30:771][  0]LogDerivedDataCache: Loaded boot cache 0.06s 95MB C:/Users/Karym/AppData/Local/UnrealEngine/4.27/DerivedDataCache/Boot.ddc.
[2023.04.24-13.42.30:772][  0]LogDerivedDataCache: Display: Loaded Boot cache: C:/Users/Karym/AppData/Local/UnrealEngine/4.27/DerivedDataCache/Boot.ddc
[2023.04.24-13.42.30:772][  0]LogDerivedDataCache: FDerivedDataBackendGraph:  Pak pak cache file ../../../../../../Users/Karym/Documents/GitHub/DUGENET_YOUSFI_ZHENG_UNREAL/DYZ_UnrealProject/DerivedDataCache/DDC.ddp not found, will not use a pak cache.
[2023.04.24-13.42.30:772][  0]LogDerivedDataCache: Unable to find inner node Pak for hierarchical cache Hierarchy.
[2023.04.24-13.42.30:772][  0]LogDerivedDataCache: FDerivedDataBackendGraph:  CompressedPak pak cache file ../../../../../../Users/Karym/Documents/GitHub/DUGENET_YOUSFI_ZHENG_UNREAL/DYZ_UnrealProject/DerivedDataCache/Compressed.ddp not found, will not use a pak cache.
[2023.04.24-13.42.30:772][  0]LogDerivedDataCache: Unable to find inner node CompressedPak for hierarchical cache Hierarchy.
[2023.04.24-13.42.30:788][  0]LogDerivedDataCache: Display: Pak cache opened for reading ../../../Engine/DerivedDataCache/Compressed.ddp.
[2023.04.24-13.42.30:788][  0]LogDerivedDataCache: FDerivedDataBackendGraph:  EnterprisePak pak cache file ../../../Enterprise/DerivedDataCache/Compressed.ddp not found, will not use a pak cache.
[2023.04.24-13.42.30:788][  0]LogDerivedDataCache: Unable to find inner node EnterprisePak for hierarchical cache Hierarchy.
[2023.04.24-13.42.30:819][  0]LogDerivedDataCache: Speed tests for C:/Users/Karym/AppData/Local/UnrealEngine/Common/DerivedDataCache took 0.03 seconds
[2023.04.24-13.42.30:819][  0]LogDerivedDataCache: Display: Performance to C:/Users/Karym/AppData/Local/UnrealEngine/Common/DerivedDataCache: Latency=0.03ms. RandomReadSpeed=897.82MBs, RandomWriteSpeed=32.41MBs. Assigned SpeedClass 'Local'
[2023.04.24-13.42.30:820][  0]LogDerivedDataCache: Using Local data cache path C:/Users/Karym/AppData/Local/UnrealEngine/Common/DerivedDataCache: Writable
[2023.04.24-13.42.30:820][  0]LogDerivedDataCache: Shared data cache path not found in *engine.ini, will not use an Shared cache.
[2023.04.24-13.42.30:820][  0]LogDerivedDataCache: Unable to find inner node Shared for hierarchical cache Hierarchy.
[2023.04.24-13.42.30:865][  0]LogSlate: Using FreeType 2.10.0
[2023.04.24-13.42.30:865][  0]LogSlate: SlateFontServices - WITH_FREETYPE: 1, WITH_HARFBUZZ: 1
[2023.04.24-13.42.30:892][  0]LogAssetRegistry: FAssetRegistry took 0.0032 seconds to start up
[2023.04.24-13.42.31:125][  0]LogInit: Selected Device Profile: [Windows]
[2023.04.24-13.42.31:125][  0]LogInit: Active device profile: [000002512B522800][00000251295FD4C0 49] Windows
[2023.04.24-13.42.31:125][  0]LogInit: Profiles: [000002512B522800][00000251295FD4C0 49] Windows, [000002512B4D5A00][0000025128167780 49] WindowsNoEditor, [000002512B521A00][000002512968DA40 49] WindowsServer, [000002512B4D6900][0000025127090180 49] WindowsClient, [000002512B522B00][000002512967C440 49] IOS, [000002512B4D5500][0000025128082700 49] iPadAir, [000002512B521700][00000251280909C0 49] iPadAir2, [000002512B476D00][00000251292CEE80 49] IPadPro, [000002512B476E00][0000025129600EC0 49] iPadAir3, [000002512B522300][00000251292CB180 49] iPadAir4, [000002512B475E00][000002512A887440 49] iPadMini2, [000002512B522200][00000251292D3700 49] iPadMini3, [000002512B475A00][00000251292D79C0 49] iPadMini4, [000002512B522C00][00000251292DA100 49] iPadMini5, [000002512B4D2700][000002512A7B2640 49] iPhone6, [000002512B4D2800][000002512A7A2680 49] iPodTouch6, [000002512B475200][000002512BE7CBC0 49] iPhone7, [000002512B475100][000002512A7AAC00 49] iPodTouch7, [000002512B4D1F00][000002512A882E80 49] iPhone5S, [000002512B475500][000002512A7AF100 49] iPhone6Plus, [000002512B4D1A00][000002512A7B73C0 49] iPhone6S, [000002512B476300][000002512BE81680 49] iPhone6SPlus, [000002512B4D2900][000002512BE85940 49] iPhone7Plus, [000002512B474E00][000002512BE89C00 49] iPhoneSE, [000002512B4D3300][000002512BE8C340 49] iPhone8, [000002512B475800][000002512BE90600 49] iPhone8Plus, [000002512B4D2500][000002512BE948C0 49] iPhoneX, [000002512B476100][000002512BE98B80 49] iPhoneXS, [000002512B4D0500][000002512BE9CE40 49] iPhoneXSMax, [000002512B477600][000002512A7A70C0 49] iPhoneXR, [000002512B4D3400][000002512BEA1340 49] iPhone11, [000002512B474700][000002512BEA9600 49] iPhone11Pro, [000002512B4D0F00][000002512BEAD8C0 49] iPhone11ProMax, [000002512B476A00][0000025122B7BB80 49] iPhoneSE2, [000002512B4D3800][0000025122B7E2C0 49] iPhone12Mini, [000002512B475D00][0000025122B82580 49] iPhone12, [000002512B4D2E00][0000025122B86840 49] iPhone12Pro, [000002512B476B00][0000025122B8AB00 49] iPhone12ProMax, [000002512B4D2D00][0000025122B8EDC0 49] iPadPro105, [000002512B477100][0000025122B93080 49] iPadPro129, [000002512B4D2100][000002512BEA5300 49] iPadPro97, [000002512B476C00][0000025122B97580 49] iPadPro2_129, [000002512B4D3000][0000025122B9F840 49] iPad5, [000002512B474B00][0000025122BA3B00 49] iPad6, [000002512B4D1400][0000025122BA6240 49] iPad7, [000002512B477300][0000025122BAA500 49] iPad8, [000002512B4D1C00][0000025122BAE7C0 49] iPadPro11, [000002512B558A00][0000025122BB2A80 49] iPadPro2_11, [000002512B4D7700][0000025122BB6D40 49] iPadPro3_129, [000002512B558200][0000025122BBB000 49] iPadPro4_129, [000002512B4D6400][0000025122BBF2C0 49] AppleTV, [000002512B559400][0000025122B9B540 49] AppleTV4K, [000002512B4D7400][0000025122BC37C0 49] TVOS, [000002512B558B00][0000025122BCBA80 49] Mac, [000002512B4D6500][0000025122BCE1C0 49] MacClient, [000002512B558E00][0000025122BD2480 49] MacNoEditor, [000002512B4D5800][0000025122BD6740 49] MacServer, [000002512B558800][0000025122BDAA00 49] Linux, [000002512B4D7900][000002512A94ECC0 49] LinuxAArch64, [000002512B559000][000002512A952F80 49] LinuxNoEditor, [000002512B4D4800][000002512A957240 49] LinuxAArch64NoEditor, [000002512B4D0700][000002512A95B500 49] LinuxClient, [000002512B474300][0000025122BC7780 49] LinuxAArch64Client, [000002512B4D0200][000002512A963A40 49] LinuxServer, [000002512B477B00][000002512A966180 49] LinuxAArch64Server, [000002512B4D0A00][000002512A96A440 49] Android, [000002512B477D00][000002512A96E700 49] Android_Low, [000002512B4D2300][000002512A9729C0 49] Android_Mid, [000002512B476000][000002512A976C80 49] Android_High, [000002512B4D1D00][000002512A97AF40 49] Android_Default, [000002512B476600][000002512A97F200 49] Android_Adreno4xx, [000002512B4D3200][000002512A9834C0 49] Android_Adreno5xx_Low, [000002512B474600][000002512A95F740 49] Android_Adreno5xx, [000002512B4D3600][000002512A9879C0 49] Android_Adreno6xx, [000002512B475000][000002512A98E100 49] Android_Adreno6xx_Vulkan, [000002512B4D3700][000002512A9923C0 49] Android_Mali_T6xx, [000002512B475600][000002512A996680 49] Android_Mali_T7xx, [000002512B4D3900][000002512A99A940 49] Android_Mali_T8xx, [000002512B477E00][000002512A99EC00 49] Android_Mali_G71, [000002512B4D2400][000002512A9A2EC0 49] Android_Mali_G72, [000002512B477000][000002512A9A7180 49] Android_Mali_G72_Vulkan, [000002512B4D1000][000002512A9AB440 49] Android_Mali_G76, [000002512B477900][000002512A9AF700 49] Android_Mali_G76_Vulkan, [000002512B4D0B00][000002512A98B980 49] Android_Mali_G77, [000002512B475400][000002512A9B3C00 49] Android_Mali_G77_Vulkan, [000002512B4D0800][000002512A9BA340 49] Android_Mali_G78, [000002512B475900][000002512A9BE600 49] Android_Mali_G78_Vulkan, [000002512B4D1200][000002512A9C28C0 49] Android_Mali_G710, [000002512B477F00][000002512A9C6B80 49] Android_Mali_G710_Vulkan, [000002512B558400][000002512A9CAE40 49] Android_Vulkan_SM5, [000002512B474200][000002512A9CF100 49] Android_PowerVR_G6xxx, [000002512B522100][000002512A9D33C0 49] Android_PowerVR_GT7xxx, [000002512B4D7300][000002512A9D7680 49] Android_PowerVR_GE8xxx, [000002512B522700][000002512A9DB940 49] Android_PowerVR_GM9xxx, [000002512B4D6B00][000002512A9B7BC0 49] Android_PowerVR_GM9xxx_Vulkan, [000002512B521C00][000002512A9DE2C0 49] Android_TegraK1, [000002512B4D4200][000002512A9E6580 49] Android_Unknown_Vulkan, [000002512B521400][000002512A9EA840 49] Lumin, [000002512B4D6700][000002512A9EEB00 49] Lumin_Desktop, [000002512B523900][000002512A9F2DC0 49] HoloLens, 
[2023.04.24-13.42.31:265][  0]LogMeshReduction: Using QuadricMeshReduction for automatic static mesh reduction
[2023.04.24-13.42.31:265][  0]LogMeshReduction: Using SimplygonMeshReduction for automatic skeletal mesh reduction
[2023.04.24-13.42.31:265][  0]LogMeshReduction: Using ProxyLODMeshReduction for automatic mesh merging
[2023.04.24-13.42.31:265][  0]LogMeshReduction: No distributed automatic mesh merging module available
[2023.04.24-13.42.31:265][  0]LogMeshMerging: No distributed automatic mesh merging module available
[2023.04.24-13.42.31:283][  0]LogNetVersion: DYZ_UnrealProject 1.0.0, NetCL: 17155196, EngineNetVer: 17, GameNetVer: 0 (Checksum: 2430987201)
[2023.04.24-13.42.31:653][  0]LogTexture: Default maximum texture size for cubemaps generated from long-lat sources has been changed from 512 to unlimited. In order to preserve old behaiour for '/Engine/MapTemplates/Sky/DaylightAmbientCubemap.DaylightAmbientCubemap', its maximum texture size has been explicitly set to 512.
[2023.04.24-13.42.31:711][  0]LogHMD: PokeAHoleMaterial loaded successfully
[2023.04.24-13.42.31:718][  0]LogUObjectArray: 17178 objects as part of root set at end of initial load.
[2023.04.24-13.42.31:718][  0]LogUObjectAllocator: 4302048 out of 0 bytes used by permanent object pool.
[2023.04.24-13.42.31:718][  0]LogUObjectArray: CloseDisregardForGC: 0/0 objects in disregard for GC pool
[2023.04.24-13.42.32:027][  0]LogNiagaraDebuggerClient: Niagara Debugger Client Initialized | Session: 96A0D68E48DAC97FCE86F7BE2A325B7F | Instance: 63296D6F4551A9E5825003A01112559B (MSI-17560).
[2023.04.24-13.42.32:168][  0]LogPython: Using Python 3.7.7
[2023.04.24-13.42.32:659][  0]LogTcpMessaging: Initializing TcpMessaging bridge
[2023.04.24-13.42.32:665][  0]LogUdpMessaging: Initializing bridge on interface 0.0.0.0:0 to multicast group 230.0.0.1:6666.
[2023.04.24-13.42.32:891][  0]SourceControl: Source control is disabled
[2023.04.24-13.42.32:891][  0]SourceControl: Source control is disabled
[2023.04.24-13.42.32:895][  0]SourceControl: Source control is disabled
[2023.04.24-13.42.32:905][  0]SourceControl: Source control is disabled
[2023.04.24-13.42.32:948][  0]LogUProjectInfo: Found projects:
[2023.04.24-13.42.33:185][  0]LogOpenImageDenoise: OIDN starting up
[2023.04.24-13.42.33:243][  0]LogAndroidPermission: UAndroidPermissionCallbackProxy::GetInstance
[2023.04.24-13.42.33:278][  0]LogAudioCaptureCore: Display: No Audio Capture implementations found. Audio input will be silent.
[2023.04.24-13.42.33:278][  0]LogAudioCaptureCore: Display: No Audio Capture implementations found. Audio input will be silent.
[2023.04.24-13.42.33:321][  0]SourceControl: Source control is disabled
[2023.04.24-13.42.33:434][  0]LogCollectionManager: Loaded 0 collections in 0.002310 seconds
[2023.04.24-13.42.33:467][  0]LogFileCache: Scanning file cache for directory 'C:/Users/Karym/Documents/GitHub/DUGENET_YOUSFI_ZHENG_UNREAL/DYZ_UnrealProject/Saved/Collections/' took 0.00s
[2023.04.24-13.42.33:467][  0]LogFileCache: Scanning file cache for directory 'C:/Users/Karym/Documents/GitHub/DUGENET_YOUSFI_ZHENG_UNREAL/DYZ_UnrealProject/Content/Developers/Karym/Collections/' took 0.00s
[2023.04.24-13.42.33:467][  0]LogFileCache: Scanning file cache for directory 'C:/Users/Karym/Documents/GitHub/DUGENET_YOUSFI_ZHENG_UNREAL/DYZ_UnrealProject/Content/Collections/' took 0.00s
[2023.04.24-13.42.33:467][  0]LogOcInput: OculusInput pre-init called
[2023.04.24-13.42.33:719][  0]LogEngine: Initializing Engine...
[2023.04.24-13.42.33:722][  0]LogHMD: Failed to enumerate extensions. Please check that you have a valid OpenXR runtime installed.
[2023.04.24-13.42.33:722][  0]LogHMD: Failed to initialize OpenVR with code 100
[2023.04.24-13.42.33:722][  0]LogMagicLeap: Warning: VR disabled because ZI is not enabled.  To enable, in the editor, Edit -> Project Settings -> Plugins -> Magic Leap Plugin -> Enable Zero Iteration
[2023.04.24-13.42.33:723][  0]LogStats: UGameplayTagsManager::InitializeManager -  0.000 s
[2023.04.24-13.42.33:911][  0]LogInit: Initializing FReadOnlyCVARCache
[2023.04.24-13.42.33:921][  0]LogAIModule: Creating AISystem for world Untitled
[2023.04.24-13.42.33:922][  0]LogAudio: Display: Initializing Audio Device Manager...
[2023.04.24-13.42.33:928][  0]LogAudio: Display: Loading Default Audio Settings Objects...
[2023.04.24-13.42.33:929][  0]LogAudio: Display: No default SoundConcurrencyObject specified (or failed to load).
[2023.04.24-13.42.33:930][  0]LogAudio: Display: Audio Device Manager Initialized
[2023.04.24-13.42.33:930][  0]LogAudio: Display: Creating Audio Device:                 Id: 1, Scope: Shared, Realtime: True
[2023.04.24-13.42.33:930][  0]LogAudioMixer: Display: Audio Mixer Platform Settings:
[2023.04.24-13.42.33:930][  0]LogAudioMixer: Display: 	Sample Rate:						  48000
[2023.04.24-13.42.33:930][  0]LogAudioMixer: Display: 	Callback Buffer Frame Size Requested: 1024
[2023.04.24-13.42.33:930][  0]LogAudioMixer: Display: 	Callback Buffer Frame Size To Use:	  1024
[2023.04.24-13.42.33:930][  0]LogAudioMixer: Display: 	Number of buffers to queue:			  2
[2023.04.24-13.42.33:930][  0]LogAudioMixer: Display: 	Max Channels (voices):				  32
[2023.04.24-13.42.33:930][  0]LogAudioMixer: Display: 	Number of Async Source Workers:		  0
[2023.04.24-13.42.33:930][  0]LogAudio: Display: AudioDevice MaxSources: 32
[2023.04.24-13.42.33:930][  0]LogAudio: Display: Audio Spatialization Plugin: None (built-in).
[2023.04.24-13.42.33:930][  0]LogAudio: Display: Audio Reverb Plugin: None (built-in).
[2023.04.24-13.42.33:930][  0]LogAudio: Display: Audio Occlusion Plugin: None (built-in).
[2023.04.24-13.42.33:930][  0]LogAudioMixer: Display: Initializing audio mixer.
[2023.04.24-13.42.34:003][  0]LogAudioMixer: Display: 0: FrontLeft
[2023.04.24-13.42.34:003][  0]LogAudioMixer: Display: 1: FrontRight
[2023.04.24-13.42.34:143][  0]LogAudioMixer: Display: Using Audio Device Haut-parleurs (Turtle Beach Stealth 700 G2 MAX)
[2023.04.24-13.42.34:145][  0]LogAudioMixer: Display: Initializing Sound Submixes...
[2023.04.24-13.42.34:148][  0]LogAudioMixer: Display: Creating Master Submix 'MasterSubmixDefault'
[2023.04.24-13.42.34:148][  0]LogAudioMixer: Display: Creating Master Submix 'MasterReverbSubmixDefault'
[2023.04.24-13.42.34:148][  0]LogAudioMixer: Display: Creating Master Submix 'MasterEQSubmixDefault'
[2023.04.24-13.42.34:148][  0]LogAudioMixer: FMixerPlatformXAudio2::StartAudioStream() called
[2023.04.24-13.42.34:148][  0]LogAudioMixer: Display: Output buffers initialized: Frames=1024, Channels=2, Samples=2048
[2023.04.24-13.42.34:150][  0]LogAudioMixer: Display: Starting AudioMixerPlatformInterface::RunInternal()
[2023.04.24-13.42.34:150][  0]LogAudioMixer: Display: FMixerPlatformXAudio2::SubmitBuffer() called for the first time
[2023.04.24-13.42.34:150][  0]LogInit: FAudioDevice initialized.
[2023.04.24-13.42.34:151][  0]LogAudio: Display: Audio Device (ID: 1) registered with world 'Untitled'.
[2023.04.24-13.42.34:151][  0]LogNetVersion: Set ProjectVersion to 1.0.0.0. Version Checksum will be recalculated on next use.
[2023.04.24-13.42.34:223][  0]LogDerivedDataCache: Saved boot cache 0.07s 105MB C:/Users/Karym/AppData/Local/UnrealEngine/4.27/DerivedDataCache/Boot.ddc.
[2023.04.24-13.42.34:227][  0]LogInit: Texture streaming: Enabled
[2023.04.24-13.42.34:247][  0]LogAnalytics: Display: [UEEditor.Rocket.Release] APIServer = https://datarouter.ol.epicgames.com/. AppVersion = 4.27.2-18319896+++UE4+Release-4.27
[2023.04.24-13.42.34:256][  0]LogEngineSessionManager: EngineSessionManager initialized
[2023.04.24-13.42.34:256][  0]LogEditorSessionSummary: Verbose: Initializing EditorSessionSummaryWriter for editor session tracking
[2023.04.24-13.42.34:272][  0]LogEditorSessionSummary: EditorSessionSummaryWriter initialized
[2023.04.24-13.42.34:330][  0]LogInit: Transaction tracking system initialized
[2023.04.24-13.42.34:362][  0]BlueprintLog: New page: Editor Load
[2023.04.24-13.42.34:447][  0]LocalizationService: Localization service is disabled
[2023.04.24-13.42.34:488][  0]TimingProfiler: Initialize
[2023.04.24-13.42.34:488][  0]TimingProfiler: OnSessionChanged
[2023.04.24-13.42.34:488][  0]LoadingProfiler: Initialize
[2023.04.24-13.42.34:488][  0]LoadingProfiler: OnSessionChanged
[2023.04.24-13.42.34:488][  0]NetworkingProfiler: Initialize
[2023.04.24-13.42.34:489][  0]NetworkingProfiler: OnSessionChanged
[2023.04.24-13.42.34:489][  0]MemoryProfiler: Initialize
[2023.04.24-13.42.34:489][  0]MemoryProfiler: OnSessionChanged
[2023.04.24-13.42.34:704][  0]LogCook: Display: CookSettings for Memory: MemoryMaxUsedVirtual 0MiB, MemoryMaxUsedPhysical 16384MiB, MemoryMinFreeVirtual 0MiB, MemoryMinFreePhysical 1024MiB
[2023.04.24-13.42.34:704][  0]LogCook: Display: Mobile HDR setting 1
[2023.04.24-13.42.34:768][  0]LogFileCache: Scanning file cache for directory 'C:/Users/Karym/Documents/GitHub/DUGENET_YOUSFI_ZHENG_UNREAL/DYZ_UnrealProject/Content/' took 0.00s
[2023.04.24-13.42.35:142][  0]LogInit: Display: Engine is initialized. Leaving FEngineLoop::Init()
[2023.04.24-13.42.35:152][  0]SourceControl: Source control is disabled
[2023.04.24-13.42.35:152][  0]LogUnrealEdMisc: Loading editor; pre map load, took 7.929
[2023.04.24-13.42.35:152][  0]Cmd: MAP LOAD FILE="../../../../../../Users/Karym/Documents/GitHub/DUGENET_YOUSFI_ZHENG_UNREAL/DYZ_UnrealProject/Content/Levels/Menu.umap" TEMPLATE=0 SHOWPROGRESS=1 FEATURELEVEL=3
[2023.04.24-13.42.35:153][  0]LightingResults: New page: Lighting Build
[2023.04.24-13.42.35:154][  0]LogWorld: UWorld::CleanupWorld for Untitled, bSessionEnded=true, bCleanupResources=true
[2023.04.24-13.42.35:155][  0]LogSlate: InvalidateAllWidgets triggered.  All widgets were invalidated
[2023.04.24-13.42.35:155][  0]MapCheck: New page: Map Check
[2023.04.24-13.42.35:155][  0]LightingResults: New page: Lighting Build
[2023.04.24-13.42.35:159][  0]LogAudio: Display: Audio Device unregistered from world 'None'.
[2023.04.24-13.42.35:163][  0]LogUObjectHash: Compacting FUObjectHashTables data took   0.77ms
[2023.04.24-13.42.35:196][  0]LogAudio: Display: Audio Device (ID: 1) registered with world 'Menu'.
[2023.04.24-13.42.35:196][  0]LogAIModule: Creating AISystem for world Menu
[2023.04.24-13.42.35:197][  0]LogEditorServer: Finished looking for orphan Actors (0.000 secs)
[2023.04.24-13.42.35:203][  0]LogUObjectHash: Compacting FUObjectHashTables data took   0.80ms
[2023.04.24-13.42.35:204][  0]Cmd: MAP CHECKDEP NOCLEARLOG
[2023.04.24-13.42.35:204][  0]MapCheck: Map check complete: 0 Error(s), 0 Warning(s), took 0,241ms to complete.
[2023.04.24-13.42.35:204][  0]LogFileHelpers: Loading map 'Menu' took 0.053
[2023.04.24-13.42.35:206][  0]LogUnrealEdMisc: Total Editor Startup Time, took 7.984
[2023.04.24-13.42.35:307][  0]LogSlate: Updating window title bar state: overlay mode, drag disabled, window buttons hidden, title bar hidden
[2023.04.24-13.42.35:313][  0]LogSlate: Updating window title bar state: overlay mode, drag disabled, window buttons hidden, title bar hidden
[2023.04.24-13.42.35:318][  0]LogSlate: Updating window title bar state: overlay mode, drag disabled, window buttons hidden, title bar hidden
[2023.04.24-13.42.35:323][  0]LogSlate: Updating window title bar state: overlay mode, drag disabled, window buttons hidden, title bar hidden
[2023.04.24-13.42.35:342][  0]LogNativeClassHierarchy: Verbose: Native class hierarchy populated in 0.0099 seconds. Added 3822 classes and 928 folders.
[2023.04.24-13.42.35:344][  0]LogNativeClassHierarchy: Verbose: Native class hierarchy updated for 'WidgetCarousel' in 0.0002 seconds. Added 0 classes and 0 folders.
[2023.04.24-13.42.35:346][  0]LogPakFile: PakFile PrimaryIndexSize=187
[2023.04.24-13.42.35:346][  0]LogPakFile: PakFile PathHashIndexSize=101
[2023.04.24-13.42.35:346][  0]LogPakFile: PakFile FullDirectoryIndexSize=148
[2023.04.24-13.42.35:346][  0]LogShaderLibrary: Display: ShaderCodeLibraryPakFileMountedCallback: PakFile 'C:/Program Files/Epic Games/UE_4.27/FeaturePacks/FP_FirstPerson.upack' (chunk index -1, root 'root:/') mounted
[2023.04.24-13.42.35:346][  0]LogShaderLibrary: Display: ShaderCodeLibraryPakFileMountedCallback: pending pak file info (ChunkID:-1 Root:root:/ File:C:/Program Files/Epic Games/UE_4.27/FeaturePacks/FP_FirstPerson.upack)
[2023.04.24-13.42.35:346][  0]LogPakFile: OnPakFileMounted2Time == 0.000066
[2023.04.24-13.42.35:347][  0]LogPakFile: PakFile PrimaryIndexSize=189
[2023.04.24-13.42.35:347][  0]LogPakFile: PakFile PathHashIndexSize=101
[2023.04.24-13.42.35:347][  0]LogPakFile: PakFile FullDirectoryIndexSize=152
[2023.04.24-13.42.35:347][  0]LogShaderLibrary: Display: ShaderCodeLibraryPakFileMountedCallback: PakFile 'C:/Program Files/Epic Games/UE_4.27/FeaturePacks/FP_FirstPersonBP.upack' (chunk index -1, root 'root:/') mounted
[2023.04.24-13.42.35:347][  0]LogShaderLibrary: Display: ShaderCodeLibraryPakFileMountedCallback: pending pak file info (ChunkID:-1 Root:root:/ File:C:/Program Files/Epic Games/UE_4.27/FeaturePacks/FP_FirstPersonBP.upack)
[2023.04.24-13.42.35:347][  0]LogPakFile: OnPakFileMounted2Time == 0.000047
[2023.04.24-13.42.35:347][  0]LogPakFile: PakFile PrimaryIndexSize=191
[2023.04.24-13.42.35:347][  0]LogPakFile: PakFile PathHashIndexSize=101
[2023.04.24-13.42.35:347][  0]LogPakFile: PakFile FullDirectoryIndexSize=160
[2023.04.24-13.42.35:347][  0]LogShaderLibrary: Display: ShaderCodeLibraryPakFileMountedCallback: PakFile 'C:/Program Files/Epic Games/UE_4.27/FeaturePacks/MobileStarterContent.upack' (chunk index -1, root 'root:/') mounted
[2023.04.24-13.42.35:347][  0]LogShaderLibrary: Display: ShaderCodeLibraryPakFileMountedCallback: pending pak file info (ChunkID:-1 Root:root:/ File:C:/Program Files/Epic Games/UE_4.27/FeaturePacks/MobileStarterContent.upack)
[2023.04.24-13.42.35:347][  0]LogPakFile: OnPakFileMounted2Time == 0.000024
[2023.04.24-13.42.35:347][  0]LogPakFile: PakFile PrimaryIndexSize=185
[2023.04.24-13.42.35:347][  0]LogPakFile: PakFile PathHashIndexSize=101
[2023.04.24-13.42.35:347][  0]LogPakFile: PakFile FullDirectoryIndexSize=148
[2023.04.24-13.42.35:347][  0]LogShaderLibrary: Display: ShaderCodeLibraryPakFileMountedCallback: PakFile 'C:/Program Files/Epic Games/UE_4.27/FeaturePacks/StarterContent.upack' (chunk index -1, root 'root:/') mounted
[2023.04.24-13.42.35:347][  0]LogShaderLibrary: Display: ShaderCodeLibraryPakFileMountedCallback: pending pak file info (ChunkID:-1 Root:root:/ File:C:/Program Files/Epic Games/UE_4.27/FeaturePacks/StarterContent.upack)
[2023.04.24-13.42.35:347][  0]LogPakFile: OnPakFileMounted2Time == 0.000025
[2023.04.24-13.42.35:347][  0]LogPakFile: PakFile PrimaryIndexSize=190
[2023.04.24-13.42.35:348][  0]LogPakFile: PakFile PathHashIndexSize=101
[2023.04.24-13.42.35:348][  0]LogPakFile: PakFile FullDirectoryIndexSize=154
[2023.04.24-13.42.35:348][  0]LogShaderLibrary: Display: ShaderCodeLibraryPakFileMountedCallback: PakFile 'C:/Program Files/Epic Games/UE_4.27/FeaturePacks/TP_2DSideScroller.upack' (chunk index -1, root 'root:/') mounted
[2023.04.24-13.42.35:348][  0]LogShaderLibrary: Display: ShaderCodeLibraryPakFileMountedCallback: pending pak file info (ChunkID:-1 Root:root:/ File:C:/Program Files/Epic Games/UE_4.27/FeaturePacks/TP_2DSideScroller.upack)
[2023.04.24-13.42.35:348][  0]LogPakFile: OnPakFileMounted2Time == 0.000026
[2023.04.24-13.42.35:348][  0]LogPakFile: PakFile PrimaryIndexSize=192
[2023.04.24-13.42.35:348][  0]LogPakFile: PakFile PathHashIndexSize=101
[2023.04.24-13.42.35:348][  0]LogPakFile: PakFile FullDirectoryIndexSize=158
[2023.04.24-13.42.35:348][  0]LogShaderLibrary: Display: ShaderCodeLibraryPakFileMountedCallback: PakFile 'C:/Program Files/Epic Games/UE_4.27/FeaturePacks/TP_2DSideScrollerBP.upack' (chunk index -1, root 'root:/') mounted
[2023.04.24-13.42.35:348][  0]LogShaderLibrary: Display: ShaderCodeLibraryPakFileMountedCallback: pending pak file info (ChunkID:-1 Root:root:/ File:C:/Program Files/Epic Games/UE_4.27/FeaturePacks/TP_2DSideScrollerBP.upack)
[2023.04.24-13.42.35:348][  0]LogPakFile: OnPakFileMounted2Time == 0.000023
[2023.04.24-13.42.35:348][  0]LogPakFile: PakFile PrimaryIndexSize=182
[2023.04.24-13.42.35:348][  0]LogPakFile: PakFile PathHashIndexSize=101
[2023.04.24-13.42.35:348][  0]LogPakFile: PakFile FullDirectoryIndexSize=138
[2023.04.24-13.42.35:348][  0]LogShaderLibrary: Display: ShaderCodeLibraryPakFileMountedCallback: PakFile 'C:/Program Files/Epic Games/UE_4.27/FeaturePacks/TP_Flying.upack' (chunk index -1, root 'root:/') mounted
[2023.04.24-13.42.35:348][  0]LogShaderLibrary: Display: ShaderCodeLibraryPakFileMountedCallback: pending pak file info (ChunkID:-1 Root:root:/ File:C:/Program Files/Epic Games/UE_4.27/FeaturePacks/TP_Flying.upack)
[2023.04.24-13.42.35:348][  0]LogPakFile: OnPakFileMounted2Time == 0.000026
[2023.04.24-13.42.35:349][  0]LogPakFile: PakFile PrimaryIndexSize=184
[2023.04.24-13.42.35:349][  0]LogPakFile: PakFile PathHashIndexSize=101
[2023.04.24-13.42.35:349][  0]LogPakFile: PakFile FullDirectoryIndexSize=142
[2023.04.24-13.42.35:349][  0]LogShaderLibrary: Display: ShaderCodeLibraryPakFileMountedCallback: PakFile 'C:/Program Files/Epic Games/UE_4.27/FeaturePacks/TP_FlyingBP.upack' (chunk index -1, root 'root:/') mounted
[2023.04.24-13.42.35:349][  0]LogShaderLibrary: Display: ShaderCodeLibraryPakFileMountedCallback: pending pak file info (ChunkID:-1 Root:root:/ File:C:/Program Files/Epic Games/UE_4.27/FeaturePacks/TP_FlyingBP.upack)
[2023.04.24-13.42.35:349][  0]LogPakFile: OnPakFileMounted2Time == 0.000027
[2023.04.24-13.42.35:350][  0]LogPakFile: PakFile PrimaryIndexSize=188
[2023.04.24-13.42.35:350][  0]LogPakFile: PakFile PathHashIndexSize=101
[2023.04.24-13.42.35:350][  0]LogPakFile: PakFile FullDirectoryIndexSize=150
[2023.04.24-13.42.35:350][  0]LogShaderLibrary: Display: ShaderCodeLibraryPakFileMountedCallback: PakFile 'C:/Program Files/Epic Games/UE_4.27/FeaturePacks/TP_HandheldARBP.upack' (chunk index -1, root 'root:/') mounted
[2023.04.24-13.42.35:350][  0]LogShaderLibrary: Display: ShaderCodeLibraryPakFileMountedCallback: pending pak file info (ChunkID:-1 Root:root:/ File:C:/Program Files/Epic Games/UE_4.27/FeaturePacks/TP_HandheldARBP.upack)
[2023.04.24-13.42.35:350][  0]LogPakFile: OnPakFileMounted2Time == 0.000037
[2023.04.24-13.42.35:350][  0]LogPakFile: PakFile PrimaryIndexSize=182
[2023.04.24-13.42.35:350][  0]LogPakFile: PakFile PathHashIndexSize=101
[2023.04.24-13.42.35:350][  0]LogPakFile: PakFile FullDirectoryIndexSize=138
[2023.04.24-13.42.35:350][  0]LogShaderLibrary: Display: ShaderCodeLibraryPakFileMountedCallback: PakFile 'C:/Program Files/Epic Games/UE_4.27/FeaturePacks/TP_Puzzle.upack' (chunk index -1, root 'root:/') mounted
[2023.04.24-13.42.35:350][  0]LogShaderLibrary: Display: ShaderCodeLibraryPakFileMountedCallback: pending pak file info (ChunkID:-1 Root:root:/ File:C:/Program Files/Epic Games/UE_4.27/FeaturePacks/TP_Puzzle.upack)
[2023.04.24-13.42.35:350][  0]LogPakFile: OnPakFileMounted2Time == 0.000026
[2023.04.24-13.42.35:351][  0]LogPakFile: PakFile PrimaryIndexSize=184
[2023.04.24-13.42.35:351][  0]LogPakFile: PakFile PathHashIndexSize=101
[2023.04.24-13.42.35:351][  0]LogPakFile: PakFile FullDirectoryIndexSize=142
[2023.04.24-13.42.35:351][  0]LogShaderLibrary: Display: ShaderCodeLibraryPakFileMountedCallback: PakFile 'C:/Program Files/Epic Games/UE_4.27/FeaturePacks/TP_PuzzleBP.upack' (chunk index -1, root 'root:/') mounted
[2023.04.24-13.42.35:351][  0]LogShaderLibrary: Display: ShaderCodeLibraryPakFileMountedCallback: pending pak file info (ChunkID:-1 Root:root:/ File:C:/Program Files/Epic Games/UE_4.27/FeaturePacks/TP_PuzzleBP.upack)
[2023.04.24-13.42.35:351][  0]LogPakFile: OnPakFileMounted2Time == 0.000026
[2023.04.24-13.42.35:351][  0]LogPakFile: PakFile PrimaryIndexSize=183
[2023.04.24-13.42.35:351][  0]LogPakFile: PakFile PathHashIndexSize=101
[2023.04.24-13.42.35:351][  0]LogPakFile: PakFile FullDirectoryIndexSize=140
[2023.04.24-13.42.35:351][  0]LogShaderLibrary: Display: ShaderCodeLibraryPakFileMountedCallback: PakFile 'C:/Program Files/Epic Games/UE_4.27/FeaturePacks/TP_Rolling.upack' (chunk index -1, root 'root:/') mounted
[2023.04.24-13.42.35:351][  0]LogShaderLibrary: Display: ShaderCodeLibraryPakFileMountedCallback: pending pak file info (ChunkID:-1 Root:root:/ File:C:/Program Files/Epic Games/UE_4.27/FeaturePacks/TP_Rolling.upack)
[2023.04.24-13.42.35:351][  0]LogPakFile: OnPakFileMounted2Time == 0.000026
[2023.04.24-13.42.35:352][  0]LogPakFile: PakFile PrimaryIndexSize=185
[2023.04.24-13.42.35:352][  0]LogPakFile: PakFile PathHashIndexSize=101
[2023.04.24-13.42.35:352][  0]LogPakFile: PakFile FullDirectoryIndexSize=144
[2023.04.24-13.42.35:352][  0]LogShaderLibrary: Display: ShaderCodeLibraryPakFileMountedCallback: PakFile 'C:/Program Files/Epic Games/UE_4.27/FeaturePacks/TP_RollingBP.upack' (chunk index -1, root 'root:/') mounted
[2023.04.24-13.42.35:352][  0]LogShaderLibrary: Display: ShaderCodeLibraryPakFileMountedCallback: pending pak file info (ChunkID:-1 Root:root:/ File:C:/Program Files/Epic Games/UE_4.27/FeaturePacks/TP_RollingBP.upack)
[2023.04.24-13.42.35:352][  0]LogPakFile: OnPakFileMounted2Time == 0.000027
[2023.04.24-13.42.35:352][  0]LogPakFile: PakFile PrimaryIndexSize=188
[2023.04.24-13.42.35:352][  0]LogPakFile: PakFile PathHashIndexSize=101
[2023.04.24-13.42.35:352][  0]LogPakFile: PakFile FullDirectoryIndexSize=150
[2023.04.24-13.42.35:352][  0]LogShaderLibrary: Display: ShaderCodeLibraryPakFileMountedCallback: PakFile 'C:/Program Files/Epic Games/UE_4.27/FeaturePacks/TP_SideScroller.upack' (chunk index -1, root 'root:/') mounted
[2023.04.24-13.42.35:352][  0]LogShaderLibrary: Display: ShaderCodeLibraryPakFileMountedCallback: pending pak file info (ChunkID:-1 Root:root:/ File:C:/Program Files/Epic Games/UE_4.27/FeaturePacks/TP_SideScroller.upack)
[2023.04.24-13.42.35:352][  0]LogPakFile: OnPakFileMounted2Time == 0.000029
[2023.04.24-13.42.35:352][  0]LogPakFile: PakFile PrimaryIndexSize=190
[2023.04.24-13.42.35:352][  0]LogPakFile: PakFile PathHashIndexSize=101
[2023.04.24-13.42.35:352][  0]LogPakFile: PakFile FullDirectoryIndexSize=154
[2023.04.24-13.42.35:352][  0]LogShaderLibrary: Display: ShaderCodeLibraryPakFileMountedCallback: PakFile 'C:/Program Files/Epic Games/UE_4.27/FeaturePacks/TP_SideScrollerBP.upack' (chunk index -1, root 'root:/') mounted
[2023.04.24-13.42.35:352][  0]LogShaderLibrary: Display: ShaderCodeLibraryPakFileMountedCallback: pending pak file info (ChunkID:-1 Root:root:/ File:C:/Program Files/Epic Games/UE_4.27/FeaturePacks/TP_SideScrollerBP.upack)
[2023.04.24-13.42.35:352][  0]LogPakFile: OnPakFileMounted2Time == 0.000025
[2023.04.24-13.42.35:353][  0]LogPakFile: PakFile PrimaryIndexSize=187
[2023.04.24-13.42.35:353][  0]LogPakFile: PakFile PathHashIndexSize=101
[2023.04.24-13.42.35:353][  0]LogPakFile: PakFile FullDirectoryIndexSize=148
[2023.04.24-13.42.35:353][  0]LogShaderLibrary: Display: ShaderCodeLibraryPakFileMountedCallback: PakFile 'C:/Program Files/Epic Games/UE_4.27/FeaturePacks/TP_ThirdPerson.upack' (chunk index -1, root 'root:/') mounted
[2023.04.24-13.42.35:353][  0]LogShaderLibrary: Display: ShaderCodeLibraryPakFileMountedCallback: pending pak file info (ChunkID:-1 Root:root:/ File:C:/Program Files/Epic Games/UE_4.27/FeaturePacks/TP_ThirdPerson.upack)
[2023.04.24-13.42.35:353][  0]LogPakFile: OnPakFileMounted2Time == 0.000025
[2023.04.24-13.42.35:353][  0]LogPakFile: PakFile PrimaryIndexSize=189
[2023.04.24-13.42.35:353][  0]LogPakFile: PakFile PathHashIndexSize=101
[2023.04.24-13.42.35:353][  0]LogPakFile: PakFile FullDirectoryIndexSize=152
[2023.04.24-13.42.35:353][  0]LogShaderLibrary: Display: ShaderCodeLibraryPakFileMountedCallback: PakFile 'C:/Program Files/Epic Games/UE_4.27/FeaturePacks/TP_ThirdPersonBP.upack' (chunk index -1, root 'root:/') mounted
[2023.04.24-13.42.35:353][  0]LogShaderLibrary: Display: ShaderCodeLibraryPakFileMountedCallback: pending pak file info (ChunkID:-1 Root:root:/ File:C:/Program Files/Epic Games/UE_4.27/FeaturePacks/TP_ThirdPersonBP.upack)
[2023.04.24-13.42.35:353][  0]LogPakFile: OnPakFileMounted2Time == 0.000026
[2023.04.24-13.42.35:354][  0]LogPakFile: PakFile PrimaryIndexSize=183
[2023.04.24-13.42.35:354][  0]LogPakFile: PakFile PathHashIndexSize=101
[2023.04.24-13.42.35:354][  0]LogPakFile: PakFile FullDirectoryIndexSize=140
[2023.04.24-13.42.35:354][  0]LogShaderLibrary: Display: ShaderCodeLibraryPakFileMountedCallback: PakFile 'C:/Program Files/Epic Games/UE_4.27/FeaturePacks/TP_TopDown.upack' (chunk index -1, root 'root:/') mounted
[2023.04.24-13.42.35:354][  0]LogShaderLibrary: Display: ShaderCodeLibraryPakFileMountedCallback: pending pak file info (ChunkID:-1 Root:root:/ File:C:/Program Files/Epic Games/UE_4.27/FeaturePacks/TP_TopDown.upack)
[2023.04.24-13.42.35:354][  0]LogPakFile: OnPakFileMounted2Time == 0.000051
[2023.04.24-13.42.35:354][  0]LogPakFile: PakFile PrimaryIndexSize=185
[2023.04.24-13.42.35:354][  0]LogPakFile: PakFile PathHashIndexSize=101
[2023.04.24-13.42.35:354][  0]LogPakFile: PakFile FullDirectoryIndexSize=144
[2023.04.24-13.42.35:354][  0]LogShaderLibrary: Display: ShaderCodeLibraryPakFileMountedCallback: PakFile 'C:/Program Files/Epic Games/UE_4.27/FeaturePacks/TP_TopDownBP.upack' (chunk index -1, root 'root:/') mounted
[2023.04.24-13.42.35:354][  0]LogShaderLibrary: Display: ShaderCodeLibraryPakFileMountedCallback: pending pak file info (ChunkID:-1 Root:root:/ File:C:/Program Files/Epic Games/UE_4.27/FeaturePacks/TP_TopDownBP.upack)
[2023.04.24-13.42.35:355][  0]LogPakFile: OnPakFileMounted2Time == 0.000109
[2023.04.24-13.42.35:355][  0]LogPakFile: PakFile PrimaryIndexSize=185
[2023.04.24-13.42.35:355][  0]LogPakFile: PakFile PathHashIndexSize=101
[2023.04.24-13.42.35:355][  0]LogPakFile: PakFile FullDirectoryIndexSize=144
[2023.04.24-13.42.35:355][  0]LogShaderLibrary: Display: ShaderCodeLibraryPakFileMountedCallback: PakFile 'C:/Program Files/Epic Games/UE_4.27/FeaturePacks/TP_TwinStick.upack' (chunk index -1, root 'root:/') mounted
[2023.04.24-13.42.35:355][  0]LogShaderLibrary: Display: ShaderCodeLibraryPakFileMountedCallback: pending pak file info (ChunkID:-1 Root:root:/ File:C:/Program Files/Epic Games/UE_4.27/FeaturePacks/TP_TwinStick.upack)
[2023.04.24-13.42.35:355][  0]LogPakFile: OnPakFileMounted2Time == 0.000030
[2023.04.24-13.42.35:356][  0]LogPakFile: PakFile PrimaryIndexSize=187
[2023.04.24-13.42.35:356][  0]LogPakFile: PakFile PathHashIndexSize=101
[2023.04.24-13.42.35:356][  0]LogPakFile: PakFile FullDirectoryIndexSize=148
[2023.04.24-13.42.35:356][  0]LogShaderLibrary: Display: ShaderCodeLibraryPakFileMountedCallback: PakFile 'C:/Program Files/Epic Games/UE_4.27/FeaturePacks/TP_TwinStickBP.upack' (chunk index -1, root 'root:/') mounted
[2023.04.24-13.42.35:356][  0]LogShaderLibrary: Display: ShaderCodeLibraryPakFileMountedCallback: pending pak file info (ChunkID:-1 Root:root:/ File:C:/Program Files/Epic Games/UE_4.27/FeaturePacks/TP_TwinStickBP.upack)
[2023.04.24-13.42.35:356][  0]LogPakFile: OnPakFileMounted2Time == 0.000027
[2023.04.24-13.42.35:356][  0]LogPakFile: PakFile PrimaryIndexSize=183
[2023.04.24-13.42.35:356][  0]LogPakFile: PakFile PathHashIndexSize=101
[2023.04.24-13.42.35:356][  0]LogPakFile: PakFile FullDirectoryIndexSize=140
[2023.04.24-13.42.35:356][  0]LogShaderLibrary: Display: ShaderCodeLibraryPakFileMountedCallback: PakFile 'C:/Program Files/Epic Games/UE_4.27/FeaturePacks/TP_Vehicle.upack' (chunk index -1, root 'root:/') mounted
[2023.04.24-13.42.35:356][  0]LogShaderLibrary: Display: ShaderCodeLibraryPakFileMountedCallback: pending pak file info (ChunkID:-1 Root:root:/ File:C:/Program Files/Epic Games/UE_4.27/FeaturePacks/TP_Vehicle.upack)
[2023.04.24-13.42.35:356][  0]LogPakFile: OnPakFileMounted2Time == 0.000028
[2023.04.24-13.42.35:356][  0]LogPakFile: PakFile PrimaryIndexSize=186
[2023.04.24-13.42.35:356][  0]LogPakFile: PakFile PathHashIndexSize=101
[2023.04.24-13.42.35:356][  0]LogPakFile: PakFile FullDirectoryIndexSize=146
[2023.04.24-13.42.35:356][  0]LogShaderLibrary: Display: ShaderCodeLibraryPakFileMountedCallback: PakFile 'C:/Program Files/Epic Games/UE_4.27/FeaturePacks/TP_VehicleAdv.upack' (chunk index -1, root 'root:/') mounted
[2023.04.24-13.42.35:356][  0]LogShaderLibrary: Display: ShaderCodeLibraryPakFileMountedCallback: pending pak file info (ChunkID:-1 Root:root:/ File:C:/Program Files/Epic Games/UE_4.27/FeaturePacks/TP_VehicleAdv.upack)
[2023.04.24-13.42.35:356][  0]LogPakFile: OnPakFileMounted2Time == 0.000028
[2023.04.24-13.42.35:358][  0]LogPakFile: PakFile PrimaryIndexSize=188
[2023.04.24-13.42.35:358][  0]LogPakFile: PakFile PathHashIndexSize=101
[2023.04.24-13.42.35:358][  0]LogPakFile: PakFile FullDirectoryIndexSize=150
[2023.04.24-13.42.35:358][  0]LogShaderLibrary: Display: ShaderCodeLibraryPakFileMountedCallback: PakFile 'C:/Program Files/Epic Games/UE_4.27/FeaturePacks/TP_VehicleAdvBP.upack' (chunk index -1, root 'root:/') mounted
[2023.04.24-13.42.35:358][  0]LogShaderLibrary: Display: ShaderCodeLibraryPakFileMountedCallback: pending pak file info (ChunkID:-1 Root:root:/ File:C:/Program Files/Epic Games/UE_4.27/FeaturePacks/TP_VehicleAdvBP.upack)
[2023.04.24-13.42.35:358][  0]LogPakFile: OnPakFileMounted2Time == 0.000023
[2023.04.24-13.42.35:358][  0]LogPakFile: PakFile PrimaryIndexSize=185
[2023.04.24-13.42.35:358][  0]LogPakFile: PakFile PathHashIndexSize=101
[2023.04.24-13.42.35:358][  0]LogPakFile: PakFile FullDirectoryIndexSize=144
[2023.04.24-13.42.35:358][  0]LogShaderLibrary: Display: ShaderCodeLibraryPakFileMountedCallback: PakFile 'C:/Program Files/Epic Games/UE_4.27/FeaturePacks/TP_VehicleBP.upack' (chunk index -1, root 'root:/') mounted
[2023.04.24-13.42.35:358][  0]LogShaderLibrary: Display: ShaderCodeLibraryPakFileMountedCallback: pending pak file info (ChunkID:-1 Root:root:/ File:C:/Program Files/Epic Games/UE_4.27/FeaturePacks/TP_VehicleBP.upack)
[2023.04.24-13.42.35:358][  0]LogPakFile: OnPakFileMounted2Time == 0.000025
[2023.04.24-13.42.35:359][  0]LogPakFile: PakFile PrimaryIndexSize=192
[2023.04.24-13.42.35:359][  0]LogPakFile: PakFile PathHashIndexSize=101
[2023.04.24-13.42.35:359][  0]LogPakFile: PakFile FullDirectoryIndexSize=158
[2023.04.24-13.42.35:359][  0]LogShaderLibrary: Display: ShaderCodeLibraryPakFileMountedCallback: PakFile 'C:/Program Files/Epic Games/UE_4.27/FeaturePacks/TP_VirtualRealityBP.upack' (chunk index -1, root 'root:/') mounted
[2023.04.24-13.42.35:359][  0]LogShaderLibrary: Display: ShaderCodeLibraryPakFileMountedCallback: pending pak file info (ChunkID:-1 Root:root:/ File:C:/Program Files/Epic Games/UE_4.27/FeaturePacks/TP_VirtualRealityBP.upack)
[2023.04.24-13.42.35:359][  0]LogPakFile: OnPakFileMounted2Time == 0.000030
[2023.04.24-13.42.35:400][  0]LogNativeClassHierarchy: Verbose: Native class hierarchy updated for 'AddContentDialog' in 0.0008 seconds. Added 0 classes and 0 folders.
[2023.04.24-13.42.35:402][  0]LogNativeClassHierarchy: Verbose: Native class hierarchy updated for 'SceneOutliner' in 0.0005 seconds. Added 2 classes and 0 folders.
[2023.04.24-13.42.35:535][  0]LogSlate: Took 0.000185 seconds to synchronously load lazily loaded font '../../../Engine/Content/Slate/Fonts/Roboto-Regular.ttf' (155K)
[2023.04.24-13.42.35:537][  0]LogSlate: Took 0.000157 seconds to synchronously load lazily loaded font '../../../Engine/Content/Editor/Slate/Fonts/FontAwesome.ttf' (139K)
[2023.04.24-13.42.35:540][  0]LogSlate: Took 0.000199 seconds to synchronously load lazily loaded font '../../../Engine/Content/Slate/Fonts/Roboto-Bold.ttf' (160K)
[2023.04.24-13.42.35:605][  0]LogRenderer: Reallocating scene render targets to support 1404x608 Format 10 NumSamples 1 (Frame:1).
[2023.04.24-13.42.35:669][  0]LogNativeClassHierarchy: Verbose: Native class hierarchy updated for 'HierarchicalLODOutliner' in 0.0002 seconds. Added 0 classes and 0 folders.
[2023.04.24-13.42.35:669][  0]LogLoad: (Engine Initialization) Total time: 8.45 seconds
[2023.04.24-13.42.35:669][  0]LogLoad: (Engine Initialization) Total Blueprint compile time: 0.00 seconds
[2023.04.24-13.42.35:707][  0]LogAssetRegistry: Asset discovery search completed in 4.8166 seconds
[2023.04.24-13.42.35:712][  0]LogCollectionManager: Fixed up redirectors for 0 collections in 0.000003 seconds (updated 0 objects)
[2023.04.24-13.42.35:713][  0]LogContentStreaming: Texture pool size now 1000 MB
[2023.04.24-13.42.35:788][  7]LogSlate: Took 0.000251 seconds to synchronously load lazily loaded font '../../../Engine/Content/Slate/Fonts/Roboto-Light.ttf' (167K)
[2023.04.24-13.43.16:381][526]LogContentBrowser: Deferred new asset folder creation: NewFolder
[2023.04.24-13.43.16:395][526]LogContentBrowser: Creating deferred item: NewFolder
[2023.04.24-13.43.22:854][301]LogContentBrowser: Attempting asset rename: NewFolder -> NewFolder
[2023.04.24-13.43.22:855][301]LogContentBrowser: End creating deferred item NewFolder
[2023.04.24-13.43.38:236][354]LogContentBrowser: Deferred new asset folder creation: NewFolder
[2023.04.24-13.43.38:250][354]LogContentBrowser: Creating deferred item: NewFolder
[2023.04.24-13.43.47:227][432]LogContentBrowser: Attempting asset rename: NewFolder -> NewFolder
[2023.04.24-13.43.47:227][432]LogContentBrowser: End creating deferred item NewFolder
[2023.04.24-13.43.55:365][393]LogContentBrowser: Deferred new asset folder creation: NewFolder
[2023.04.24-13.43.55:373][393]LogContentBrowser: Creating deferred item: NewFolder
[2023.04.24-13.44.03:269][341]LogContentBrowser: Attempting asset rename: NewFolder -> ImportedFromBlackAges
[2023.04.24-13.44.03:269][341]LogContentBrowser: End creating deferred item NewFolder
